# lattice-best-path --lm-scale=14 --word-symbol-table=exp/tri1/graph/words.txt "ark:gunzip -c exp/tri1/decode/lat.*.gz|" ark,t:exp/tri1/decode/scoring/14.tra 
# Started at Thu Jun  8 10:55:24 IST 2023
#
lattice-best-path --lm-scale=14 --word-symbol-table=exp/tri1/graph/words.txt 'ark:gunzip -c exp/tri1/decode/lat.*.gz|' ark,t:exp/tri1/decode/scoring/14.tra 
LOG (lattice-best-path[5.5.1074~1-71f3]:main():lattice-best-path.cc:99) For utterance pramod_2_3_0, best cost 373.203 + 16431.1 = 16804.3 over 161 frames.
pramod_2_3_0 3 2 3 0 
LOG (lattice-best-path[5.5.1074~1-71f3]:main():lattice-best-path.cc:99) For utterance pramod_2_5_6, best cost 330.819 + 16774.9 = 17105.7 over 161 frames.
pramod_2_5_6 2 4 6 
LOG (lattice-best-path[5.5.1074~1-71f3]:main():lattice-best-path.cc:99) For utterance pramod_3_9_2, best cost 276.589 + 18194.8 = 18471.4 over 151 frames.
pramod_3_9_2 1 8 2 
LOG (lattice-best-path[5.5.1074~1-71f3]:main():lattice-best-path.cc:99) For utterance pramod_4_5_7, best cost 365.236 + 17700.6 = 18065.8 over 186 frames.
pramod_4_5_7 4 5 7 3 
LOG (lattice-best-path[5.5.1074~1-71f3]:main():lattice-best-path.cc:99) For utterance pramod_4_8_3, best cost 246.88 + 15116.3 = 15363.2 over 152 frames.
pramod_4_8_3 4 3 
LOG (lattice-best-path[5.5.1074~1-71f3]:main():lattice-best-path.cc:99) For utterance pramod_5_2_5, best cost 360.859 + 16616.4 = 16977.2 over 170 frames.
pramod_5_2_5 5 2 8 3 
LOG (lattice-best-path[5.5.1074~1-71f3]:main():lattice-best-path.cc:99) For utterance pramod_6_1_1, best cost 467.459 + 17101.5 = 17569 over 165 frames.
pramod_6_1_1 3 4 1 1 3 
LOG (lattice-best-path[5.5.1074~1-71f3]:main():lattice-best-path.cc:99) For utterance pramod_6_7_1, best cost 311.625 + 14839.2 = 15150.8 over 151 frames.
pramod_6_7_1 6 7 1 3 
LOG (lattice-best-path[5.5.1074~1-71f3]:main():lattice-best-path.cc:99) For utterance pramod_7_0_9, best cost 395.715 + 16934.3 = 17330 over 162 frames.
pramod_7_0_9 3 4 0 9 
LOG (lattice-best-path[5.5.1074~1-71f3]:main():lattice-best-path.cc:99) For utterance pramod_7_4_6, best cost 371.837 + 16756.1 = 17127.9 over 170 frames.
pramod_7_4_6 4 4 6 3 
LOG (lattice-best-path[5.5.1074~1-71f3]:main():lattice-best-path.cc:99) For utterance srihari_2_3_3, best cost 290.681 + 14943.2 = 15233.9 over 141 frames.
srihari_2_3_3 2 1 3 
LOG (lattice-best-path[5.5.1074~1-71f3]:main():lattice-best-path.cc:99) For utterance srihari_3_4_1, best cost 246.754 + 22174.2 = 22420.9 over 223 frames.
srihari_3_4_1 4 3 
LOG (lattice-best-path[5.5.1074~1-71f3]:main():lattice-best-path.cc:99) For utterance srihari_3_6_6, best cost 411.352 + 21149.8 = 21561.2 over 223 frames.
srihari_3_6_6 3 3 1 6 3 
LOG (lattice-best-path[5.5.1074~1-71f3]:main():lattice-best-path.cc:99) For utterance srihari_4_1_3, best cost 334.726 + 17071.1 = 17405.8 over 171 frames.
srihari_4_1_3 4 0 3 
LOG (lattice-best-path[5.5.1074~1-71f3]:main():lattice-best-path.cc:99) For utterance srihari_4_5_6, best cost 382.504 + 19673.1 = 20055.6 over 204 frames.
srihari_4_5_6 3 4 6 3 
LOG (lattice-best-path[5.5.1074~1-71f3]:main():lattice-best-path.cc:99) For utterance srihari_5_3_3, best cost 436.734 + 24474.1 = 24910.9 over 229 frames.
srihari_5_3_3 1 6 0 3 
LOG (lattice-best-path[5.5.1074~1-71f3]:main():lattice-best-path.cc:99) For utterance srihari_5_9_8, best cost 305.055 + 21160.9 = 21465.9 over 209 frames.
srihari_5_9_8 4 4 3 
LOG (lattice-best-path[5.5.1074~1-71f3]:main():lattice-best-path.cc:99) For utterance srihari_6_7_7, best cost 511.166 + 26956.8 = 27468 over 270 frames.
srihari_6_7_7 8 6 7 8 6 4 
LOG (lattice-best-path[5.5.1074~1-71f3]:main():lattice-best-path.cc:99) For utterance srihari_8_4_6, best cost 318.515 + 18339 = 18657.5 over 187 frames.
srihari_8_4_6 4 4 6 
LOG (lattice-best-path[5.5.1074~1-71f3]:main():lattice-best-path.cc:99) For utterance srihari_8_4_7, best cost 372.327 + 21827.6 = 22199.9 over 228 frames.
srihari_8_4_7 7 4 7 3 
LOG (lattice-best-path[5.5.1074~1-71f3]:main():lattice-best-path.cc:124) Overall cost per frame is 102.678 = 1.91439 [graph] + 100.763 [acoustic] over 3714 frames.
LOG (lattice-best-path[5.5.1074~1-71f3]:main():lattice-best-path.cc:128) Done 20 lattices, failed for 0
# Accounting: time=0 threads=1
# Ended (code 0) at Thu Jun  8 10:55:24 IST 2023, elapsed time 0 seconds
