# lattice-depth-per-frame "ark:gunzip -c exp/tri2b_mmi_b0.05/decode_it3/lat.2.gz|" "ark,t:|gzip -c > exp/tri2b_mmi_b0.05/decode_it3/depth_tmp.2.gz" ark:- | lattice-best-path --acoustic-scale=0.1 ark:- ark:/dev/null "ark,t:|gzip -c >exp/tri2b_mmi_b0.05/decode_it3/ali_tmp.2.gz" 
# Started at Thu Jun  8 10:56:58 IST 2023
#
lattice-best-path --acoustic-scale=0.1 ark:- ark:/dev/null 'ark,t:|gzip -c >exp/tri2b_mmi_b0.05/decode_it3/ali_tmp.2.gz' 
lattice-depth-per-frame 'ark:gunzip -c exp/tri2b_mmi_b0.05/decode_it3/lat.2.gz|' 'ark,t:|gzip -c > exp/tri2b_mmi_b0.05/decode_it3/depth_tmp.2.gz' ark:- 
LOG (lattice-best-path[5.5.1074~1-71f3]:main():lattice-best-path.cc:99) For utterance srihari_2_3_3, best cost 15.2484 + 1162.66 = 1177.9 over 141 frames.
LOG (lattice-depth-per-frame[5.5.1074~1-71f3]:main():lattice-depth-per-frame.cc:82) Done 10 lattices.
LOG (lattice-best-path[5.5.1074~1-71f3]:main():lattice-best-path.cc:99) For utterance srihari_3_4_1, best cost 29.0916 + 1642.76 = 1671.85 over 223 frames.
LOG (lattice-best-path[5.5.1074~1-71f3]:main():lattice-best-path.cc:99) For utterance srihari_3_6_6, best cost 28.6477 + 1567.48 = 1596.13 over 223 frames.
LOG (lattice-best-path[5.5.1074~1-71f3]:main():lattice-best-path.cc:99) For utterance srihari_4_1_3, best cost 21.6845 + 1249.07 = 1270.76 over 171 frames.
LOG (lattice-best-path[5.5.1074~1-71f3]:main():lattice-best-path.cc:99) For utterance srihari_4_5_6, best cost 29.621 + 1407.32 = 1436.94 over 204 frames.
LOG (lattice-best-path[5.5.1074~1-71f3]:main():lattice-best-path.cc:99) For utterance srihari_5_3_3, best cost 33.5753 + 1858.98 = 1892.55 over 229 frames.
LOG (lattice-best-path[5.5.1074~1-71f3]:main():lattice-best-path.cc:99) For utterance srihari_5_9_8, best cost 27.7764 + 1571.13 = 1598.91 over 209 frames.
LOG (lattice-best-path[5.5.1074~1-71f3]:main():lattice-best-path.cc:99) For utterance srihari_6_7_7, best cost 33.5348 + 1965.58 = 1999.11 over 270 frames.
LOG (lattice-best-path[5.5.1074~1-71f3]:main():lattice-best-path.cc:99) For utterance srihari_8_4_6, best cost 27.1368 + 1342.8 = 1369.93 over 187 frames.
LOG (lattice-best-path[5.5.1074~1-71f3]:main():lattice-best-path.cc:99) For utterance srihari_8_4_7, best cost 27.6172 + 1566.48 = 1594.09 over 228 frames.
LOG (lattice-best-path[5.5.1074~1-71f3]:main():lattice-best-path.cc:124) Overall cost per frame is 7.48593 = 0.131383 [graph] + 7.35455 [acoustic] over 2085 frames.
LOG (lattice-best-path[5.5.1074~1-71f3]:main():lattice-best-path.cc:128) Done 10 lattices, failed for 0
# Accounting: time=0 threads=1
# Ended (code 0) at Thu Jun  8 10:56:58 IST 2023, elapsed time 0 seconds
