# gunzip -c exp/tri2b/decode/depth_tmp.*.gz | steps/diagnostic/analyze_lattice_depth_stats.py exp/tri2b/graph exp/tri2b/decode/ali_frame_tmp.gz 
# Started at Thu Jun  8 10:56:22 IST 2023
#
The total amount of data analyzed assuming 100 frames per second is 0.0 hours
Overall, lattice depth (10,50,90-percentile)=(1,4,11) and mean=5.4
Nonsilence phones as a group account for 71.5% of frames, with lattice depth (10,50,90-percentile)=(1,4,10) and mean=5.3
Phone sil accounts for 28.5% of frames, with lattice depth (10,50,90-percentile)=(2,5,11) and mean=5.7
Phone AH_I accounts for 26.1% of frames, with lattice depth (10,50,90-percentile)=(1,4,10) and mean=5.2
Phone CH_B accounts for 10.8% of frames, with lattice depth (10,50,90-percentile)=(1,5,10) and mean=5.2
Phone R_E accounts for 7.3% of frames, with lattice depth (10,50,90-percentile)=(2,4,10) and mean=5.6
Phone IY_I accounts for 3.9% of frames, with lattice depth (10,50,90-percentile)=(3,5,10) and mean=6.1
Phone EY_E accounts for 3.4% of frames, with lattice depth (10,50,90-percentile)=(3,5,9) and mean=5.6
Phone TH_B accounts for 2.9% of frames, with lattice depth (10,50,90-percentile)=(1,2,9) and mean=4.0
Phone AH_B accounts for 2.6% of frames, with lattice depth (10,50,90-percentile)=(4,5,6) and mean=5.3
Phone Y_E accounts for 2.4% of frames, with lattice depth (10,50,90-percentile)=(3,9,11) and mean=7.3
Phone OW_E accounts for 2.3% of frames, with lattice depth (10,50,90-percentile)=(1,2,11) and mean=4.2
Phone SH_B accounts for 1.9% of frames, with lattice depth (10,50,90-percentile)=(1,3,9) and mean=3.1
Phone N_E accounts for 1.6% of frames, with lattice depth (10,50,90-percentile)=(1,5,10) and mean=5.7
Phone AW_E accounts for 1.2% of frames, with lattice depth (10,50,90-percentile)=(1,1,1) and mean=1.0
Phone S_B accounts for 1.1% of frames, with lattice depth (10,50,90-percentile)=(2,10,10) and mean=6.9
Phone UW_I accounts for 0.9% of frames, with lattice depth (10,50,90-percentile)=(1,3,9) and mean=4.7
Phone DH_B accounts for 0.8% of frames, with lattice depth (10,50,90-percentile)=(1,2,2) and mean=2.7
Phone N_I accounts for 0.6% of frames, with lattice depth (10,50,90-percentile)=(1,4,9) and mean=5.1
Phone EY_B accounts for 0.5% of frames, with lattice depth (10,50,90-percentile)=(10,10,13) and mean=11.1
Phone T_E accounts for 0.5% of frames, with lattice depth (10,50,90-percentile)=(5,11,11) and mean=9.1
# Accounting: time=0 threads=1
# Ended (code 0) at Thu Jun  8 10:56:22 IST 2023, elapsed time 0 seconds
