# ali-to-post "ark:gunzip -c exp/tri3b_ali/pre_ali.2.gz|" ark:- | weight-silence-post 0.0 1:2:3:4:5:6:7:8:9:10 exp/tri3b/final.alimdl ark:- ark:- | gmm-post-to-gpost exp/tri3b/final.alimdl "ark,s,cs:apply-cmvn  --utt2spk=ark:data/train/split2/2/utt2spk scp:data/train/split2/2/cmvn.scp scp:data/train/split2/2/feats.scp ark:- | splice-feats --left-context=3 --right-context=3 ark:- ark:- | transform-feats exp/tri3b/final.mat ark:- ark:- |" ark:- ark:- | gmm-est-fmllr-gpost --fmllr-update-type=full --spk2utt=ark:data/train/split2/2/spk2utt exp/tri3b/final.mdl "ark,s,cs:apply-cmvn  --utt2spk=ark:data/train/split2/2/utt2spk scp:data/train/split2/2/cmvn.scp scp:data/train/split2/2/feats.scp ark:- | splice-feats --left-context=3 --right-context=3 ark:- ark:- | transform-feats exp/tri3b/final.mat ark:- ark:- |" ark,s,cs:- ark:exp/tri3b_ali/trans.2 
# Started at Thu Jun  8 11:01:21 IST 2023
#
weight-silence-post 0.0 1:2:3:4:5:6:7:8:9:10 exp/tri3b/final.alimdl ark:- ark:- 
ali-to-post 'ark:gunzip -c exp/tri3b_ali/pre_ali.2.gz|' ark:- 
gmm-post-to-gpost exp/tri3b/final.alimdl 'ark,s,cs:apply-cmvn  --utt2spk=ark:data/train/split2/2/utt2spk scp:data/train/split2/2/cmvn.scp scp:data/train/split2/2/feats.scp ark:- | splice-feats --left-context=3 --right-context=3 ark:- ark:- | transform-feats exp/tri3b/final.mat ark:- ark:- |' ark:- ark:- 
gmm-est-fmllr-gpost --fmllr-update-type=full --spk2utt=ark:data/train/split2/2/spk2utt exp/tri3b/final.mdl 'ark,s,cs:apply-cmvn  --utt2spk=ark:data/train/split2/2/utt2spk scp:data/train/split2/2/cmvn.scp scp:data/train/split2/2/feats.scp ark:- | splice-feats --left-context=3 --right-context=3 ark:- ark:- | transform-feats exp/tri3b/final.mat ark:- ark:- |' ark,s,cs:- ark:exp/tri3b_ali/trans.2 
transform-feats exp/tri3b/final.mat ark:- ark:- 
splice-feats --left-context=3 --right-context=3 ark:- ark:- 
apply-cmvn --utt2spk=ark:data/train/split2/2/utt2spk scp:data/train/split2/2/cmvn.scp scp:data/train/split2/2/feats.scp ark:- 
apply-cmvn --utt2spk=ark:data/train/split2/2/utt2spk scp:data/train/split2/2/cmvn.scp scp:data/train/split2/2/feats.scp ark:- 
splice-feats --left-context=3 --right-context=3 ark:- ark:- 
transform-feats exp/tri3b/final.mat ark:- ark:- 
LOG (gmm-est-fmllr-gpost[5.5.1074~1-71f3]:ComputeFmllrMatrixDiagGmmFull():fmllr-diag-gmm.cc:262) fMLLR objf improvement is 17.2806 per frame over 1969 frames.
LOG (gmm-est-fmllr-gpost[5.5.1074~1-71f3]:main():gmm-est-fmllr-gpost.cc:141) For speaker pramod, auxf-impr from fMLLR is 17.2806, over 1969 frames.

LOG (ali-to-post[5.5.1074~1-71f3]:main():ali-to-post.cc:73) Converted 50 alignments.
LOG (gmm-est-fmllr-gpost[5.5.1074~1-71f3]:ComputeFmllrMatrixDiagGmmFull():fmllr-diag-gmm.cc:262) fMLLR objf improvement is 20.0904 per frame over 2205 frames.
LOG (gmm-est-fmllr-gpost[5.5.1074~1-71f3]:main():gmm-est-fmllr-gpost.cc:141) For speaker priyanka, auxf-impr from fMLLR is 20.0904, over 2205 frames.

LOG (weight-silence-post[5.5.1074~1-71f3]:main():weight-silence-post.cc:95) Done 50 posteriors.
LOG (gmm-est-fmllr-gpost[5.5.1074~1-71f3]:ComputeFmllrMatrixDiagGmmFull():fmllr-diag-gmm.cc:262) fMLLR objf improvement is 22.0764 per frame over 3015 frames.
LOG (gmm-est-fmllr-gpost[5.5.1074~1-71f3]:main():gmm-est-fmllr-gpost.cc:141) For speaker shubankar, auxf-impr from fMLLR is 22.0764, over 3015 frames.

LOG (gmm-est-fmllr-gpost[5.5.1074~1-71f3]:ComputeFmllrMatrixDiagGmmFull():fmllr-diag-gmm.cc:262) fMLLR objf improvement is 20.9884 per frame over 1736 frames.
LOG (gmm-est-fmllr-gpost[5.5.1074~1-71f3]:main():gmm-est-fmllr-gpost.cc:141) For speaker srihari, auxf-impr from fMLLR is 20.9884, over 1736 frames.

LOG (apply-cmvn[5.5.1074~1-71f3]:main():apply-cmvn.cc:162) Applied cepstral mean normalization to 50 utterances, errors on 0
LOG (apply-cmvn[5.5.1074~1-71f3]:main():apply-cmvn.cc:162) Applied cepstral mean normalization to 50 utterances, errors on 0
LOG (transform-feats[5.5.1074~1-71f3]:main():transform-feats.cc:158) Overall average [pseudo-]logdet is -66.8189 over 16436 frames.
LOG (transform-feats[5.5.1074~1-71f3]:main():transform-feats.cc:161) Applied transform to 50 utterances; 0 had errors.
LOG (gmm-post-to-gpost[5.5.1074~1-71f3]:main():gmm-post-to-gpost.cc:124) Done 50 files, 0 with no posteriors, 0 with other errors.
LOG (gmm-post-to-gpost[5.5.1074~1-71f3]:main():gmm-post-to-gpost.cc:128) Overall avg like per frame (Gaussian only) = -46.0324 over 11789 frames.
LOG (gmm-post-to-gpost[5.5.1074~1-71f3]:main():gmm-post-to-gpost.cc:131) Done converting post to gpost
LOG (transform-feats[5.5.1074~1-71f3]:main():transform-feats.cc:158) Overall average [pseudo-]logdet is -66.8189 over 16436 frames.
LOG (transform-feats[5.5.1074~1-71f3]:main():transform-feats.cc:161) Applied transform to 50 utterances; 0 had errors.
LOG (gmm-est-fmllr-gpost[5.5.1074~1-71f3]:ComputeFmllrMatrixDiagGmmFull():fmllr-diag-gmm.cc:262) fMLLR objf improvement is 12.3896 per frame over 2864 frames.
LOG (gmm-est-fmllr-gpost[5.5.1074~1-71f3]:main():gmm-est-fmllr-gpost.cc:141) For speaker subhangi, auxf-impr from fMLLR is 12.3896, over 2864 frames.

LOG (gmm-est-fmllr-gpost[5.5.1074~1-71f3]:main():gmm-est-fmllr-gpost.cc:186) Done 50 files, 0 with no gposts, 0 with other errors.
LOG (gmm-est-fmllr-gpost[5.5.1074~1-71f3]:main():gmm-est-fmllr-gpost.cc:188) Overall fMLLR auxf impr per frame is 18.3904 over 11789 frames.
# Accounting: time=2 threads=1
# Ended (code 0) at Thu Jun  8 11:01:23 IST 2023, elapsed time 2 seconds
