# gmm-est --mix-up=624 --power=0.25 --write-occs=exp/tri2a/5.occs exp/tri2a/4.mdl "gmm-sum-accs - exp/tri2a/4.*.acc |" exp/tri2a/5.mdl 
# Started at Thu Jun  8 10:55:28 IST 2023
#
gmm-est --mix-up=624 --power=0.25 --write-occs=exp/tri2a/5.occs exp/tri2a/4.mdl 'gmm-sum-accs - exp/tri2a/4.*.acc |' exp/tri2a/5.mdl 
gmm-sum-accs - exp/tri2a/4.1.acc exp/tri2a/4.2.acc 
LOG (gmm-sum-accs[5.5.1074~1-71f3]:main():gmm-sum-accs.cc:63) Summed 2 stats, total count 28546, avg like/frame -83.0165
LOG (gmm-sum-accs[5.5.1074~1-71f3]:main():gmm-sum-accs.cc:66) Total count of stats is 28546
LOG (gmm-sum-accs[5.5.1074~1-71f3]:main():gmm-sum-accs.cc:67) Written stats to -
LOG (gmm-est[5.5.1074~1-71f3]:MleUpdate():transition-model.cc:528) TransitionModel::Update, objf change is 0 per frame over 28546 frames. 
LOG (gmm-est[5.5.1074~1-71f3]:MleUpdate():transition-model.cc:531) 26 probabilities floored, 312 out of 418 transition-states skipped due to insuffient data (it is normal to have some skipped.)
LOG (gmm-est[5.5.1074~1-71f3]:main():gmm-est.cc:102) Transition model update: Overall 0 log-like improvement per frame over 28546 frames.
WARNING (gmm-est[5.5.1074~1-71f3]:MleDiagGmmUpdate():mle-diag-gmm.cc:365) Gaussian has too little data but not removing it because it is the last Gaussian: i = 0, occ = 0, weight = 1
WARNING (gmm-est[5.5.1074~1-71f3]:MleDiagGmmUpdate():mle-diag-gmm.cc:359) Too little data - removing Gaussian (weight 0.061510, occupation count 5.904922, vector size 39)
WARNING (gmm-est[5.5.1074~1-71f3]:MleDiagGmmUpdate():mle-diag-gmm.cc:359) Too little data - removing Gaussian (weight 0.086280, occupation count 8.282850, vector size 39)
WARNING (gmm-est[5.5.1074~1-71f3]:MleDiagGmmUpdate():mle-diag-gmm.cc:359) Too little data - removing Gaussian (weight 0.069768, occupation count 9.279150, vector size 39)
LOG (gmm-est[5.5.1074~1-71f3]:MleAmDiagGmmUpdate():mle-am-diag-gmm.cc:225) 0 variance elements floored in 0 Gaussians, out of 513
LOG (gmm-est[5.5.1074~1-71f3]:MleAmDiagGmmUpdate():mle-am-diag-gmm.cc:229) Removed 3 Gaussians due to counts < --min-gaussian-occupancy=10 and --remove-low-count-gaussians=true
LOG (gmm-est[5.5.1074~1-71f3]:main():gmm-est.cc:113) GMM update: Overall 0.768082 objective function improvement per frame over 28546 frames
LOG (gmm-est[5.5.1074~1-71f3]:main():gmm-est.cc:116) GMM update: Overall avg like per frame = -83.0165 over 28546 frames.
LOG (gmm-est[5.5.1074~1-71f3]:SplitByCount():am-diag-gmm.cc:116) Split 80 states with target = 624, power = 0.25, perturb_factor = 0.01 and min_count = 20, split #Gauss from 513 to 624
LOG (gmm-est[5.5.1074~1-71f3]:main():gmm-est.cc:146) Written model to exp/tri2a/5.mdl
# Accounting: time=1 threads=1
# Ended (code 0) at Thu Jun  8 10:55:29 IST 2023, elapsed time 1 seconds
