# lattice-best-path --lm-scale=9 --word-symbol-table=exp/tri3b/graph/words.txt "ark:gunzip -c exp/tri3b/decode/lat.*.gz|" ark,t:exp/tri3b/decode/scoring/9.tra 
# Started at Thu Jun  8 11:01:19 IST 2023
#
lattice-best-path --lm-scale=9 --word-symbol-table=exp/tri3b/graph/words.txt 'ark:gunzip -c exp/tri3b/decode/lat.*.gz|' ark,t:exp/tri3b/decode/scoring/9.tra 
LOG (lattice-best-path[5.5.1074~1-71f3]:main():lattice-best-path.cc:99) For utterance pramod_2_3_0, best cost 147.764 + 10612.2 = 10760 over 161 frames.
pramod_2_3_0 2 0 
LOG (lattice-best-path[5.5.1074~1-71f3]:main():lattice-best-path.cc:99) For utterance pramod_2_5_6, best cost 184.713 + 10245.5 = 10430.2 over 161 frames.
pramod_2_5_6 2 8 6 
LOG (lattice-best-path[5.5.1074~1-71f3]:main():lattice-best-path.cc:99) For utterance pramod_3_9_2, best cost 134.348 + 12000.5 = 12134.8 over 151 frames.
pramod_3_9_2 1 2 
LOG (lattice-best-path[5.5.1074~1-71f3]:main():lattice-best-path.cc:99) For utterance pramod_4_5_7, best cost 212.302 + 10746.5 = 10958.8 over 186 frames.
pramod_4_5_7 4 8 7 
LOG (lattice-best-path[5.5.1074~1-71f3]:main():lattice-best-path.cc:99) For utterance pramod_4_8_3, best cost 118.4 + 10062.6 = 10181 over 152 frames.
pramod_4_8_3 4 
LOG (lattice-best-path[5.5.1074~1-71f3]:main():lattice-best-path.cc:99) For utterance pramod_5_2_5, best cost 212.446 + 10273 = 10485.4 over 170 frames.
pramod_5_2_5 3 7 2 5 
LOG (lattice-best-path[5.5.1074~1-71f3]:main():lattice-best-path.cc:99) For utterance pramod_6_1_1, best cost 231.829 + 11467.2 = 11699 over 165 frames.
pramod_6_1_1 1 6 1 1 
LOG (lattice-best-path[5.5.1074~1-71f3]:main():lattice-best-path.cc:99) For utterance pramod_6_7_1, best cost 176.156 + 9056.87 = 9233.03 over 151 frames.
pramod_6_7_1 6 7 1 
LOG (lattice-best-path[5.5.1074~1-71f3]:main():lattice-best-path.cc:99) For utterance pramod_7_0_9, best cost 222.559 + 10540.2 = 10762.8 over 162 frames.
pramod_7_0_9 3 4 0 9 
LOG (lattice-best-path[5.5.1074~1-71f3]:main():lattice-best-path.cc:99) For utterance pramod_7_4_6, best cost 221.882 + 9918.57 = 10140.5 over 170 frames.
pramod_7_4_6 7 7 6 3 
LOG (lattice-best-path[5.5.1074~1-71f3]:main():lattice-best-path.cc:99) For utterance srihari_2_3_3, best cost 92.3967 + 10177.3 = 10269.7 over 141 frames.
srihari_2_3_3 2 
LOG (lattice-best-path[5.5.1074~1-71f3]:main():lattice-best-path.cc:99) For utterance srihari_3_4_1, best cost 264.488 + 14165.8 = 14430.3 over 223 frames.
srihari_3_4_1 3 3 4 1 3 
LOG (lattice-best-path[5.5.1074~1-71f3]:main():lattice-best-path.cc:99) For utterance srihari_3_6_6, best cost 255.109 + 13372.1 = 13627.3 over 223 frames.
srihari_3_6_6 3 1 3 6 6 
LOG (lattice-best-path[5.5.1074~1-71f3]:main():lattice-best-path.cc:99) For utterance srihari_4_1_3, best cost 201.042 + 10825.8 = 11026.9 over 171 frames.
srihari_4_1_3 4 0 3 
LOG (lattice-best-path[5.5.1074~1-71f3]:main():lattice-best-path.cc:99) For utterance srihari_4_5_6, best cost 232.293 + 11868.3 = 12100.6 over 204 frames.
srihari_4_5_6 3 4 5 6 
LOG (lattice-best-path[5.5.1074~1-71f3]:main():lattice-best-path.cc:99) For utterance srihari_5_3_3, best cost 223.772 + 16753.4 = 16977.2 over 229 frames.
srihari_5_3_3 3 6 3 
LOG (lattice-best-path[5.5.1074~1-71f3]:main():lattice-best-path.cc:99) For utterance srihari_5_9_8, best cost 255.437 + 13401.7 = 13657.1 over 209 frames.
srihari_5_9_8 3 5 9 8 
LOG (lattice-best-path[5.5.1074~1-71f3]:main():lattice-best-path.cc:99) For utterance srihari_6_7_7, best cost 255.33 + 16461.1 = 16716.5 over 270 frames.
srihari_6_7_7 6 7 3 7 
LOG (lattice-best-path[5.5.1074~1-71f3]:main():lattice-best-path.cc:99) For utterance srihari_8_4_6, best cost 235.79 + 11317 = 11552.8 over 187 frames.
srihari_8_4_6 4 4 6 3 
LOG (lattice-best-path[5.5.1074~1-71f3]:main():lattice-best-path.cc:99) For utterance srihari_8_4_7, best cost 206.595 + 13275.7 = 13482.3 over 228 frames.
srihari_8_4_7 7 4 7 
LOG (lattice-best-path[5.5.1074~1-71f3]:main():lattice-best-path.cc:124) Overall cost per frame is 64.7889 = 1.0998 [graph] + 63.6891 [acoustic] over 3714 frames.
LOG (lattice-best-path[5.5.1074~1-71f3]:main():lattice-best-path.cc:128) Done 20 lattices, failed for 0
# Accounting: time=0 threads=1
# Ended (code 0) at Thu Jun  8 11:01:19 IST 2023, elapsed time 0 seconds
