# gunzip -c exp/mono/decode/depth_tmp.*.gz | steps/diagnostic/analyze_lattice_depth_stats.py exp/mono/graph exp/mono/decode/ali_frame_tmp.gz 
# Started at Thu Jun  8 10:55:00 IST 2023
#
The total amount of data analyzed assuming 100 frames per second is 0.0 hours
Overall, lattice depth (10,50,90-percentile)=(2,6,16) and mean=8.2
Nonsilence phones as a group account for 79.1% of frames, with lattice depth (10,50,90-percentile)=(2,6,13) and mean=7.6
Phone AH_I accounts for 24.0% of frames, with lattice depth (10,50,90-percentile)=(2,7,13) and mean=8.0
Phone sil accounts for 20.9% of frames, with lattice depth (10,50,90-percentile)=(2,7,20) and mean=10.6
Phone CH_B accounts for 12.8% of frames, with lattice depth (10,50,90-percentile)=(2,7,11) and mean=7.9
Phone OW_E accounts for 5.7% of frames, with lattice depth (10,50,90-percentile)=(1,3,6) and mean=3.2
Phone R_E accounts for 5.3% of frames, with lattice depth (10,50,90-percentile)=(2,7,10) and mean=7.0
Phone K_E accounts for 5.0% of frames, with lattice depth (10,50,90-percentile)=(5,9,16) and mean=9.8
Phone IY_I accounts for 3.0% of frames, with lattice depth (10,50,90-percentile)=(4,7,10) and mean=6.7
Phone CH_E accounts for 2.6% of frames, with lattice depth (10,50,90-percentile)=(3,9,17) and mean=10.1
Phone TH_B accounts for 2.1% of frames, with lattice depth (10,50,90-percentile)=(5,7,10) and mean=7.2
Phone T_E accounts for 2.0% of frames, with lattice depth (10,50,90-percentile)=(1,16,17) and mean=12.0
Phone EY_B accounts for 2.0% of frames, with lattice depth (10,50,90-percentile)=(3,9,19) and mean=10.6
Phone EY_E accounts for 1.7% of frames, with lattice depth (10,50,90-percentile)=(4,8,24) and mean=10.8
Phone P_B accounts for 1.7% of frames, with lattice depth (10,50,90-percentile)=(4,4,30) and mean=10.1
Phone TH_E accounts for 1.7% of frames, with lattice depth (10,50,90-percentile)=(5,6,10) and mean=6.3
Phone S_B accounts for 1.5% of frames, with lattice depth (10,50,90-percentile)=(2,7,8) and mean=5.2
Phone AH_B accounts for 1.3% of frames, with lattice depth (10,50,90-percentile)=(1,4,4) and mean=3.3
Phone DH_B accounts for 1.3% of frames, with lattice depth (10,50,90-percentile)=(1,4,6) and mean=3.5
Phone SH_B accounts for 1.3% of frames, with lattice depth (10,50,90-percentile)=(4,4,7) and mean=5.4
Phone AW_E accounts for 1.2% of frames, with lattice depth (10,50,90-percentile)=(1,2,2) and mean=1.6
Phone N_E accounts for 1.0% of frames, with lattice depth (10,50,90-percentile)=(4,7,10) and mean=7.7
Phone N_I accounts for 0.9% of frames, with lattice depth (10,50,90-percentile)=(1,5,17) and mean=9.7
Phone UW_I accounts for 0.7% of frames, with lattice depth (10,50,90-percentile)=(1,4,7) and mean=4.9
# Accounting: time=0 threads=1
# Ended (code 0) at Thu Jun  8 10:55:00 IST 2023, elapsed time 0 seconds
