# lattice-best-path --lm-scale=11 --word-symbol-table=exp/mono/graph/words.txt "ark:gunzip -c exp/mono/decode/lat.*.gz|" ark,t:exp/mono/decode/scoring/11.tra 
# Started at Thu Jun  8 10:55:00 IST 2023
#
lattice-best-path --lm-scale=11 --word-symbol-table=exp/mono/graph/words.txt 'ark:gunzip -c exp/mono/decode/lat.*.gz|' ark,t:exp/mono/decode/scoring/11.tra 
LOG (lattice-best-path[5.5.1074~1-71f3]:main():lattice-best-path.cc:99) For utterance pramod_2_3_0, best cost 180.324 + 16300.5 = 16480.8 over 161 frames.
pramod_2_3_0 2 0 
LOG (lattice-best-path[5.5.1074~1-71f3]:main():lattice-best-path.cc:99) For utterance pramod_2_5_6, best cost 220.827 + 16590.7 = 16811.5 over 161 frames.
pramod_2_5_6 2 8 6 
LOG (lattice-best-path[5.5.1074~1-71f3]:main():lattice-best-path.cc:99) For utterance pramod_3_9_2, best cost 217.475 + 17766.5 = 17984 over 151 frames.
pramod_3_9_2 1 8 2 
LOG (lattice-best-path[5.5.1074~1-71f3]:main():lattice-best-path.cc:99) For utterance pramod_4_5_7, best cost 235.898 + 17781.1 = 18017 over 186 frames.
pramod_4_5_7 4 7 3 
LOG (lattice-best-path[5.5.1074~1-71f3]:main():lattice-best-path.cc:99) For utterance pramod_4_8_3, best cost 143.207 + 15137.7 = 15280.9 over 152 frames.
pramod_4_8_3 4 
LOG (lattice-best-path[5.5.1074~1-71f3]:main():lattice-best-path.cc:99) For utterance pramod_5_2_5, best cost 269.459 + 16514.2 = 16783.7 over 170 frames.
pramod_5_2_5 7 2 8 3 
LOG (lattice-best-path[5.5.1074~1-71f3]:main():lattice-best-path.cc:99) For utterance pramod_6_1_1, best cost 246.611 + 17202.7 = 17449.3 over 165 frames.
pramod_6_1_1 5 1 1 
LOG (lattice-best-path[5.5.1074~1-71f3]:main():lattice-best-path.cc:99) For utterance pramod_6_7_1, best cost 260.939 + 14787.8 = 15048.8 over 151 frames.
pramod_6_7_1 6 7 1 3 
LOG (lattice-best-path[5.5.1074~1-71f3]:main():lattice-best-path.cc:99) For utterance pramod_7_0_9, best cost 221.41 + 16743.5 = 16964.9 over 162 frames.
pramod_7_0_9 4 0 9 
LOG (lattice-best-path[5.5.1074~1-71f3]:main():lattice-best-path.cc:99) For utterance pramod_7_4_6, best cost 300.004 + 16608.1 = 16908.1 over 170 frames.
pramod_7_4_6 4 4 4 3 
LOG (lattice-best-path[5.5.1074~1-71f3]:main():lattice-best-path.cc:99) For utterance srihari_2_3_3, best cost 175.915 + 14758.3 = 14934.2 over 141 frames.
srihari_2_3_3 2 6 
LOG (lattice-best-path[5.5.1074~1-71f3]:main():lattice-best-path.cc:99) For utterance srihari_3_4_1, best cost 286.97 + 21777.4 = 22064.4 over 223 frames.
srihari_3_4_1 6 4 1 3 
LOG (lattice-best-path[5.5.1074~1-71f3]:main():lattice-best-path.cc:99) For utterance srihari_3_6_6, best cost 246.686 + 21084.6 = 21331.3 over 223 frames.
srihari_3_6_6 3 3 1 
LOG (lattice-best-path[5.5.1074~1-71f3]:main():lattice-best-path.cc:99) For utterance srihari_4_1_3, best cost 240.372 + 17030.5 = 17270.9 over 171 frames.
srihari_4_1_3 5 6 6 
LOG (lattice-best-path[5.5.1074~1-71f3]:main():lattice-best-path.cc:99) For utterance srihari_4_5_6, best cost 289.893 + 19517.4 = 19807.3 over 204 frames.
srihari_4_5_6 3 4 6 3 
LOG (lattice-best-path[5.5.1074~1-71f3]:main():lattice-best-path.cc:99) For utterance srihari_5_3_3, best cost 299.821 + 24537.1 = 24837 over 229 frames.
srihari_5_3_3 6 5 6 1 
LOG (lattice-best-path[5.5.1074~1-71f3]:main():lattice-best-path.cc:99) For utterance srihari_5_9_8, best cost 229.947 + 20878.8 = 21108.7 over 209 frames.
srihari_5_9_8 5 2 8 
LOG (lattice-best-path[5.5.1074~1-71f3]:main():lattice-best-path.cc:99) For utterance srihari_6_7_7, best cost 287.151 + 26848.6 = 27135.7 over 270 frames.
srihari_6_7_7 5 7 4 
LOG (lattice-best-path[5.5.1074~1-71f3]:main():lattice-best-path.cc:99) For utterance srihari_8_4_6, best cost 240.827 + 18072.8 = 18313.6 over 187 frames.
srihari_8_4_6 4 4 6 
LOG (lattice-best-path[5.5.1074~1-71f3]:main():lattice-best-path.cc:99) For utterance srihari_8_4_7, best cost 282.303 + 21669.6 = 21951.9 over 228 frames.
srihari_8_4_7 4 4 7 
LOG (lattice-best-path[5.5.1074~1-71f3]:main():lattice-best-path.cc:124) Overall cost per frame is 101.369 = 1.31288 [graph] + 100.056 [acoustic] over 3714 frames.
LOG (lattice-best-path[5.5.1074~1-71f3]:main():lattice-best-path.cc:128) Done 20 lattices, failed for 0
# Accounting: time=0 threads=1
# Ended (code 0) at Thu Jun  8 10:55:00 IST 2023, elapsed time 0 seconds
