# lattice-best-path --lm-scale=7 --word-symbol-table=exp/tri2b/graph/words.txt "ark:gunzip -c exp/tri2b/decode/lat.*.gz|" ark,t:exp/tri2b/decode/scoring/7.tra 
# Started at Thu Jun  8 10:56:23 IST 2023
#
lattice-best-path --lm-scale=7 --word-symbol-table=exp/tri2b/graph/words.txt 'ark:gunzip -c exp/tri2b/decode/lat.*.gz|' ark,t:exp/tri2b/decode/scoring/7.tra 
LOG (lattice-best-path[5.5.1074~1-71f3]:main():lattice-best-path.cc:99) For utterance pramod_2_3_0, best cost 142.624 + 12516.2 = 12658.8 over 161 frames.
pramod_2_3_0 2 0 0 
LOG (lattice-best-path[5.5.1074~1-71f3]:main():lattice-best-path.cc:99) For utterance pramod_2_5_6, best cost 179.398 + 12917.3 = 13096.7 over 161 frames.
pramod_2_5_6 2 8 6 
LOG (lattice-best-path[5.5.1074~1-71f3]:main():lattice-best-path.cc:99) For utterance pramod_3_9_2, best cost 105.298 + 14146.4 = 14251.7 over 151 frames.
pramod_3_9_2 8 
LOG (lattice-best-path[5.5.1074~1-71f3]:main():lattice-best-path.cc:99) For utterance pramod_4_5_7, best cost 190.303 + 13057.1 = 13247.4 over 186 frames.
pramod_4_5_7 4 4 7 3 
LOG (lattice-best-path[5.5.1074~1-71f3]:main():lattice-best-path.cc:99) For utterance pramod_4_8_3, best cost 83.32 + 11280.6 = 11363.9 over 152 frames.
pramod_4_8_3 4 
LOG (lattice-best-path[5.5.1074~1-71f3]:main():lattice-best-path.cc:99) For utterance pramod_5_2_5, best cost 189.971 + 12494.7 = 12684.7 over 170 frames.
pramod_5_2_5 4 2 8 6 
LOG (lattice-best-path[5.5.1074~1-71f3]:main():lattice-best-path.cc:99) For utterance pramod_6_1_1, best cost 144.494 + 13680.3 = 13824.8 over 165 frames.
pramod_6_1_1 6 
LOG (lattice-best-path[5.5.1074~1-71f3]:main():lattice-best-path.cc:99) For utterance pramod_6_7_1, best cost 120.81 + 11399.6 = 11520.4 over 151 frames.
pramod_6_7_1 4 3 
LOG (lattice-best-path[5.5.1074~1-71f3]:main():lattice-best-path.cc:99) For utterance pramod_7_0_9, best cost 136.572 + 12289.1 = 12425.7 over 162 frames.
pramod_7_0_9 4 0 9 
LOG (lattice-best-path[5.5.1074~1-71f3]:main():lattice-best-path.cc:99) For utterance pramod_7_4_6, best cost 186.079 + 12340.9 = 12527 over 170 frames.
pramod_7_4_6 4 4 4 
LOG (lattice-best-path[5.5.1074~1-71f3]:main():lattice-best-path.cc:99) For utterance srihari_2_3_3, best cost 105.149 + 11535.7 = 11640.8 over 141 frames.
srihari_2_3_3 2 2 
LOG (lattice-best-path[5.5.1074~1-71f3]:main():lattice-best-path.cc:99) For utterance srihari_3_4_1, best cost 167.834 + 16466.5 = 16634.3 over 223 frames.
srihari_3_4_1 3 4 6 
LOG (lattice-best-path[5.5.1074~1-71f3]:main():lattice-best-path.cc:99) For utterance srihari_3_6_6, best cost 204.06 + 15627.4 = 15831.4 over 223 frames.
srihari_3_6_6 3 3 6 6 3 
LOG (lattice-best-path[5.5.1074~1-71f3]:main():lattice-best-path.cc:99) For utterance srihari_4_1_3, best cost 150.346 + 12550 = 12700.3 over 171 frames.
srihari_4_1_3 4 0 3 
LOG (lattice-best-path[5.5.1074~1-71f3]:main():lattice-best-path.cc:99) For utterance srihari_4_5_6, best cost 183.448 + 14165.2 = 14348.6 over 204 frames.
srihari_4_5_6 3 4 4 6 
LOG (lattice-best-path[5.5.1074~1-71f3]:main():lattice-best-path.cc:99) For utterance srihari_5_3_3, best cost 246.224 + 18591 = 18837.2 over 229 frames.
srihari_5_3_3 3 6 0 0 
LOG (lattice-best-path[5.5.1074~1-71f3]:main():lattice-best-path.cc:99) For utterance srihari_5_9_8, best cost 198.394 + 15761.5 = 15959.9 over 209 frames.
srihari_5_9_8 4 0 4 
LOG (lattice-best-path[5.5.1074~1-71f3]:main():lattice-best-path.cc:99) For utterance srihari_6_7_7, best cost 234.972 + 19709.3 = 19944.3 over 270 frames.
srihari_6_7_7 1 6 7 3 4 
LOG (lattice-best-path[5.5.1074~1-71f3]:main():lattice-best-path.cc:99) For utterance srihari_8_4_6, best cost 185.777 + 13456.5 = 13642.3 over 187 frames.
srihari_8_4_6 4 4 6 3 
LOG (lattice-best-path[5.5.1074~1-71f3]:main():lattice-best-path.cc:99) For utterance srihari_8_4_7, best cost 189.698 + 15713 = 15902.7 over 228 frames.
srihari_8_4_7 4 4 7 3 
LOG (lattice-best-path[5.5.1074~1-71f3]:main():lattice-best-path.cc:124) Overall cost per frame is 76.2098 = 0.900584 [graph] + 75.3092 [acoustic] over 3714 frames.
LOG (lattice-best-path[5.5.1074~1-71f3]:main():lattice-best-path.cc:128) Done 20 lattices, failed for 0
# Accounting: time=0 threads=1
# Ended (code 0) at Thu Jun  8 10:56:23 IST 2023, elapsed time 0 seconds
