# lattice-best-path --lm-scale=15 --word-symbol-table=exp/tri2b/graph/words.txt "ark:gunzip -c exp/tri2b/decode/lat.*.gz|" ark,t:exp/tri2b/decode/scoring/15.tra 
# Started at Thu Jun  8 10:56:23 IST 2023
#
lattice-best-path --lm-scale=15 --word-symbol-table=exp/tri2b/graph/words.txt 'ark:gunzip -c exp/tri2b/decode/lat.*.gz|' ark,t:exp/tri2b/decode/scoring/15.tra 
LOG (lattice-best-path[5.5.1074~1-71f3]:main():lattice-best-path.cc:99) For utterance pramod_2_3_0, best cost 305.623 + 12516.2 = 12821.8 over 161 frames.
pramod_2_3_0 2 0 0 
LOG (lattice-best-path[5.5.1074~1-71f3]:main():lattice-best-path.cc:99) For utterance pramod_2_5_6, best cost 384.424 + 12917.3 = 13301.7 over 161 frames.
pramod_2_5_6 2 8 6 
LOG (lattice-best-path[5.5.1074~1-71f3]:main():lattice-best-path.cc:99) For utterance pramod_3_9_2, best cost 225.638 + 14146.4 = 14372.1 over 151 frames.
pramod_3_9_2 8 
LOG (lattice-best-path[5.5.1074~1-71f3]:main():lattice-best-path.cc:99) For utterance pramod_4_5_7, best cost 407.793 + 13057.1 = 13464.9 over 186 frames.
pramod_4_5_7 4 4 7 3 
LOG (lattice-best-path[5.5.1074~1-71f3]:main():lattice-best-path.cc:99) For utterance pramod_4_8_3, best cost 178.543 + 11280.6 = 11459.1 over 152 frames.
pramod_4_8_3 4 
LOG (lattice-best-path[5.5.1074~1-71f3]:main():lattice-best-path.cc:99) For utterance pramod_5_2_5, best cost 347.27 + 12531.4 = 12878.7 over 170 frames.
pramod_5_2_5 4 2 8 
LOG (lattice-best-path[5.5.1074~1-71f3]:main():lattice-best-path.cc:99) For utterance pramod_6_1_1, best cost 202.262 + 13740.8 = 13943.1 over 165 frames.
pramod_6_1_1 4 
LOG (lattice-best-path[5.5.1074~1-71f3]:main():lattice-best-path.cc:99) For utterance pramod_6_7_1, best cost 258.878 + 11399.6 = 11658.5 over 151 frames.
pramod_6_7_1 4 3 
LOG (lattice-best-path[5.5.1074~1-71f3]:main():lattice-best-path.cc:99) For utterance pramod_7_0_9, best cost 292.654 + 12289.1 = 12581.8 over 162 frames.
pramod_7_0_9 4 0 9 
LOG (lattice-best-path[5.5.1074~1-71f3]:main():lattice-best-path.cc:99) For utterance pramod_7_4_6, best cost 312.738 + 12424.8 = 12737.5 over 170 frames.
pramod_7_4_6 4 4 
LOG (lattice-best-path[5.5.1074~1-71f3]:main():lattice-best-path.cc:99) For utterance srihari_2_3_3, best cost 225.318 + 11535.7 = 11761 over 141 frames.
srihari_2_3_3 2 2 
LOG (lattice-best-path[5.5.1074~1-71f3]:main():lattice-best-path.cc:99) For utterance srihari_3_4_1, best cost 299.561 + 16523.6 = 16823.2 over 223 frames.
srihari_3_4_1 4 6 
LOG (lattice-best-path[5.5.1074~1-71f3]:main():lattice-best-path.cc:99) For utterance srihari_3_6_6, best cost 399.503 + 15661.4 = 16060.9 over 223 frames.
srihari_3_6_6 3 3 6 6 
LOG (lattice-best-path[5.5.1074~1-71f3]:main():lattice-best-path.cc:99) For utterance srihari_4_1_3, best cost 249.49 + 12610.9 = 12860.4 over 171 frames.
srihari_4_1_3 4 3 
LOG (lattice-best-path[5.5.1074~1-71f3]:main():lattice-best-path.cc:99) For utterance srihari_4_5_6, best cost 359.567 + 14193.7 = 14553.3 over 204 frames.
srihari_4_5_6 4 8 6 
LOG (lattice-best-path[5.5.1074~1-71f3]:main():lattice-best-path.cc:99) For utterance srihari_5_3_3, best cost 441.043 + 18665.6 = 19106.7 over 229 frames.
srihari_5_3_3 3 6 0 
LOG (lattice-best-path[5.5.1074~1-71f3]:main():lattice-best-path.cc:99) For utterance srihari_5_9_8, best cost 310.338 + 15828.4 = 16138.8 over 209 frames.
srihari_5_9_8 4 4 
LOG (lattice-best-path[5.5.1074~1-71f3]:main():lattice-best-path.cc:99) For utterance srihari_6_7_7, best cost 440.121 + 19758.9 = 20199 over 270 frames.
srihari_6_7_7 1 6 7 4 
LOG (lattice-best-path[5.5.1074~1-71f3]:main():lattice-best-path.cc:99) For utterance srihari_8_4_6, best cost 398.093 + 13456.5 = 13854.6 over 187 frames.
srihari_8_4_6 4 4 6 3 
LOG (lattice-best-path[5.5.1074~1-71f3]:main():lattice-best-path.cc:99) For utterance srihari_8_4_7, best cost 406.495 + 15713 = 16119.5 over 228 frames.
srihari_8_4_7 4 4 7 3 
LOG (lattice-best-path[5.5.1074~1-71f3]:main():lattice-best-path.cc:124) Overall cost per frame is 77.1935 = 1.73542 [graph] + 75.4581 [acoustic] over 3714 frames.
LOG (lattice-best-path[5.5.1074~1-71f3]:main():lattice-best-path.cc:128) Done 20 lattices, failed for 0
# Accounting: time=0 threads=1
# Ended (code 0) at Thu Jun  8 10:56:23 IST 2023, elapsed time 0 seconds
