# gunzip -c exp/tri1/decode/depth_tmp.*.gz | steps/diagnostic/analyze_lattice_depth_stats.py exp/tri1/graph exp/tri1/decode/ali_frame_tmp.gz 
# Started at Thu Jun  8 10:55:23 IST 2023
#
The total amount of data analyzed assuming 100 frames per second is 0.0 hours
Overall, lattice depth (10,50,90-percentile)=(1,5,12) and mean=5.7
Nonsilence phones as a group account for 84.0% of frames, with lattice depth (10,50,90-percentile)=(1,5,12) and mean=5.7
Phone AH_I accounts for 20.0% of frames, with lattice depth (10,50,90-percentile)=(1,4,14) and mean=5.5
Phone CH_B accounts for 16.3% of frames, with lattice depth (10,50,90-percentile)=(2,5,15) and mean=6.9
Phone sil accounts for 16.0% of frames, with lattice depth (10,50,90-percentile)=(2,5,9) and mean=5.5
Phone K_E accounts for 6.1% of frames, with lattice depth (10,50,90-percentile)=(1,2,13) and mean=4.6
Phone IY_I accounts for 5.8% of frames, with lattice depth (10,50,90-percentile)=(2,6,11) and mean=5.9
Phone OW_E accounts for 5.3% of frames, with lattice depth (10,50,90-percentile)=(1,5,14) and mean=6.7
Phone R_E accounts for 4.8% of frames, with lattice depth (10,50,90-percentile)=(1,5,8) and mean=4.5
Phone TH_B accounts for 4.7% of frames, with lattice depth (10,50,90-percentile)=(2,6,9) and mean=5.9
Phone N_E accounts for 3.6% of frames, with lattice depth (10,50,90-percentile)=(1,5,10) and mean=5.7
Phone EY_B accounts for 2.1% of frames, with lattice depth (10,50,90-percentile)=(1,2,10) and mean=3.7
Phone SH_B accounts for 1.7% of frames, with lattice depth (10,50,90-percentile)=(1,5,7) and mean=3.6
Phone EY_E accounts for 1.6% of frames, with lattice depth (10,50,90-percentile)=(1,3,17) and mean=7.2
Phone DH_B accounts for 1.4% of frames, with lattice depth (10,50,90-percentile)=(1,4,5) and mean=4.8
Phone S_B accounts for 1.3% of frames, with lattice depth (10,50,90-percentile)=(1,2,8) and mean=4.4
Phone AH_B accounts for 1.2% of frames, with lattice depth (10,50,90-percentile)=(1,3,14) and mean=6.3
Phone N_I accounts for 1.2% of frames, with lattice depth (10,50,90-percentile)=(1,7,8) and mean=6.6
Phone TH_E accounts for 1.2% of frames, with lattice depth (10,50,90-percentile)=(2,4,7) and mean=4.6
Phone AW_E accounts for 1.1% of frames, with lattice depth (10,50,90-percentile)=(1,2,2) and mean=1.9
Phone T_E accounts for 1.1% of frames, with lattice depth (10,50,90-percentile)=(1,8,17) and mean=10.6
Phone UW_I accounts for 1.1% of frames, with lattice depth (10,50,90-percentile)=(1,5,8) and mean=4.9
Phone P_B accounts for 1.0% of frames, with lattice depth (10,50,90-percentile)=(1,5,7) and mean=4.9
Phone CH_E accounts for 0.8% of frames, with lattice depth (10,50,90-percentile)=(1,6,6) and mean=4.4
Phone Y_E accounts for 0.6% of frames, with lattice depth (10,50,90-percentile)=(1,6,10) and mean=6.7
# Accounting: time=0 threads=1
# Ended (code 0) at Thu Jun  8 10:55:23 IST 2023, elapsed time 0 seconds
