# gmm-latgen-faster --max-active=7000 --beam=13.0 --lattice-beam=6.0 --acoustic-scale=0.083333 --allow-partial=true --word-symbol-table=exp/tri1/graph/words.txt exp/tri1/final.mdl exp/tri1/graph/HCLG.fst "ark,s,cs:apply-cmvn  --utt2spk=ark:data/test/split2/2/utt2spk scp:data/test/split2/2/cmvn.scp scp:data/test/split2/2/feats.scp ark:- | add-deltas  ark:- ark:- |" "ark:|gzip -c > exp/tri1/decode/lat.2.gz" 
# Started at Thu Jun  8 10:55:22 IST 2023
#
gmm-latgen-faster --max-active=7000 --beam=13.0 --lattice-beam=6.0 --acoustic-scale=0.083333 --allow-partial=true --word-symbol-table=exp/tri1/graph/words.txt exp/tri1/final.mdl exp/tri1/graph/HCLG.fst 'ark,s,cs:apply-cmvn  --utt2spk=ark:data/test/split2/2/utt2spk scp:data/test/split2/2/cmvn.scp scp:data/test/split2/2/feats.scp ark:- | add-deltas  ark:- ark:- |' 'ark:|gzip -c > exp/tri1/decode/lat.2.gz' 
apply-cmvn --utt2spk=ark:data/test/split2/2/utt2spk scp:data/test/split2/2/cmvn.scp scp:data/test/split2/2/feats.scp ark:- 
add-deltas ark:- ark:- 
LOG (apply-cmvn[5.5.1074~1-71f3]:main():apply-cmvn.cc:162) Applied cepstral mean normalization to 10 utterances, errors on 0
srihari_2_3_3 2 1 3 
LOG (gmm-latgen-faster[5.5.1074~1-71f3]:DecodeUtteranceLatticeFaster():decoder-wrappers.cc:375) Log-like per frame for utterance srihari_2_3_3 is -8.97888 over 141 frames.
srihari_3_4_1 3 4 1 3 
LOG (gmm-latgen-faster[5.5.1074~1-71f3]:DecodeUtteranceLatticeFaster():decoder-wrappers.cc:375) Log-like per frame for utterance srihari_3_4_1 is -8.36362 over 223 frames.
srihari_3_6_6 3 3 1 6 3 
LOG (gmm-latgen-faster[5.5.1074~1-71f3]:DecodeUtteranceLatticeFaster():decoder-wrappers.cc:375) Log-like per frame for utterance srihari_3_6_6 is -8.03526 over 223 frames.
srihari_4_1_3 4 0 3 
LOG (gmm-latgen-faster[5.5.1074~1-71f3]:DecodeUtteranceLatticeFaster():decoder-wrappers.cc:375) Log-like per frame for utterance srihari_4_1_3 is -8.45904 over 171 frames.
srihari_4_5_6 3 4 6 3 
LOG (gmm-latgen-faster[5.5.1074~1-71f3]:DecodeUtteranceLatticeFaster():decoder-wrappers.cc:375) Log-like per frame for utterance srihari_4_5_6 is -8.17029 over 204 frames.
srihari_5_3_3 1 6 0 3 
LOG (gmm-latgen-faster[5.5.1074~1-71f3]:DecodeUtteranceLatticeFaster():decoder-wrappers.cc:375) Log-like per frame for utterance srihari_5_3_3 is -9.04235 over 229 frames.
srihari_5_9_8 3 8 6 2 8 
LOG (gmm-latgen-faster[5.5.1074~1-71f3]:DecodeUtteranceLatticeFaster():decoder-wrappers.cc:375) Log-like per frame for utterance srihari_5_9_8 is -8.53891 over 209 frames.
srihari_6_7_7 8 6 7 8 6 4 
LOG (gmm-latgen-faster[5.5.1074~1-71f3]:DecodeUtteranceLatticeFaster():decoder-wrappers.cc:375) Log-like per frame for utterance srihari_6_7_7 is -8.4552 over 270 frames.
srihari_8_4_6 4 4 6 
LOG (gmm-latgen-faster[5.5.1074~1-71f3]:DecodeUtteranceLatticeFaster():decoder-wrappers.cc:375) Log-like per frame for utterance srihari_8_4_6 is -8.2941 over 187 frames.
srihari_8_4_7 7 4 7 3 
LOG (gmm-latgen-faster[5.5.1074~1-71f3]:DecodeUtteranceLatticeFaster():decoder-wrappers.cc:375) Log-like per frame for utterance srihari_8_4_7 is -8.09454 over 228 frames.
LOG (gmm-latgen-faster[5.5.1074~1-71f3]:main():gmm-latgen-faster.cc:176) Time taken 0.696879s: real-time factor assuming 100 frames/sec is 0.0334234
LOG (gmm-latgen-faster[5.5.1074~1-71f3]:main():gmm-latgen-faster.cc:179) Done 10 utterances, failed for 0
LOG (gmm-latgen-faster[5.5.1074~1-71f3]:main():gmm-latgen-faster.cc:181) Overall log-likelihood per frame is -8.42733 over 2085 frames.
# Accounting: time=0 threads=1
# Ended (code 0) at Thu Jun  8 10:55:22 IST 2023, elapsed time 0 seconds
