# lattice-depth-per-frame "ark:gunzip -c exp/tri2b_mpe/decode_it4/lat.1.gz|" "ark,t:|gzip -c > exp/tri2b_mpe/decode_it4/depth_tmp.1.gz" ark:- | lattice-best-path --acoustic-scale=0.1 ark:- ark:/dev/null "ark,t:|gzip -c >exp/tri2b_mpe/decode_it4/ali_tmp.1.gz" 
# Started at Thu Jun  8 10:57:09 IST 2023
#
lattice-depth-per-frame 'ark:gunzip -c exp/tri2b_mpe/decode_it4/lat.1.gz|' 'ark,t:|gzip -c > exp/tri2b_mpe/decode_it4/depth_tmp.1.gz' ark:- 
lattice-best-path --acoustic-scale=0.1 ark:- ark:/dev/null 'ark,t:|gzip -c >exp/tri2b_mpe/decode_it4/ali_tmp.1.gz' 
LOG (lattice-depth-per-frame[5.5.1074~1-71f3]:main():lattice-depth-per-frame.cc:82) Done 10 lattices.
LOG (lattice-best-path[5.5.1074~1-71f3]:main():lattice-best-path.cc:99) For utterance pramod_2_3_0, best cost 20.3748 + 1252.38 = 1272.75 over 161 frames.
LOG (lattice-best-path[5.5.1074~1-71f3]:main():lattice-best-path.cc:99) For utterance pramod_2_5_6, best cost 25.4659 + 1298.4 = 1323.87 over 161 frames.
LOG (lattice-best-path[5.5.1074~1-71f3]:main():lattice-best-path.cc:99) For utterance pramod_3_9_2, best cost 14.9188 + 1415.72 = 1430.64 over 151 frames.
LOG (lattice-best-path[5.5.1074~1-71f3]:main():lattice-best-path.cc:99) For utterance pramod_4_5_7, best cost 26.9236 + 1307.32 = 1334.25 over 186 frames.
LOG (lattice-best-path[5.5.1074~1-71f3]:main():lattice-best-path.cc:99) For utterance pramod_4_8_3, best cost 11.9029 + 1128.41 = 1140.32 over 152 frames.
LOG (lattice-best-path[5.5.1074~1-71f3]:main():lattice-best-path.cc:99) For utterance pramod_5_2_5, best cost 23.1195 + 1252.09 = 1275.21 over 170 frames.
LOG (lattice-best-path[5.5.1074~1-71f3]:main():lattice-best-path.cc:99) For utterance pramod_6_1_1, best cost 13.6058 + 1382.2 = 1395.8 over 165 frames.
LOG (lattice-best-path[5.5.1074~1-71f3]:main():lattice-best-path.cc:99) For utterance pramod_6_7_1, best cost 17.091 + 1151.56 = 1168.65 over 151 frames.
LOG (lattice-best-path[5.5.1074~1-71f3]:main():lattice-best-path.cc:99) For utterance pramod_7_0_9, best cost 19.5102 + 1229.28 = 1248.79 over 162 frames.
LOG (lattice-best-path[5.5.1074~1-71f3]:main():lattice-best-path.cc:99) For utterance pramod_7_4_6, best cost 24.195 + 1238.89 = 1263.09 over 170 frames.
LOG (lattice-best-path[5.5.1074~1-71f3]:main():lattice-best-path.cc:124) Overall cost per frame is 7.89034 = 0.120999 [graph] + 7.76934 [acoustic] over 1629 frames.
LOG (lattice-best-path[5.5.1074~1-71f3]:main():lattice-best-path.cc:128) Done 10 lattices, failed for 0
# Accounting: time=1 threads=1
# Ended (code 0) at Thu Jun  8 10:57:10 IST 2023, elapsed time 1 seconds
