# gmm-latgen-faster --max-active=7000 --beam=13.0 --lattice-beam=6.0 --acoustic-scale=0.083333 --determinize-lattice=false --allow-partial=true --word-symbol-table=exp/tri3b/graph/words.txt exp/tri3b/final.mdl exp/tri3b/graph/HCLG.fst "ark,s,cs:apply-cmvn  --utt2spk=ark:data/test/split2/2/utt2spk scp:data/test/split2/2/cmvn.scp scp:data/test/split2/2/feats.scp ark:- | splice-feats --left-context=3 --right-context=3 ark:- ark:- | transform-feats exp/tri3b/final.mat ark:- ark:- | transform-feats --utt2spk=ark:data/test/split2/2/utt2spk ark:exp/tri3b/decode/pre_trans.2 ark:- ark:- |" "ark:|gzip -c > exp/tri3b/decode/lat.tmp.2.gz" 
# Started at Thu Jun  8 11:01:16 IST 2023
#
gmm-latgen-faster --max-active=7000 --beam=13.0 --lattice-beam=6.0 --acoustic-scale=0.083333 --determinize-lattice=false --allow-partial=true --word-symbol-table=exp/tri3b/graph/words.txt exp/tri3b/final.mdl exp/tri3b/graph/HCLG.fst 'ark,s,cs:apply-cmvn  --utt2spk=ark:data/test/split2/2/utt2spk scp:data/test/split2/2/cmvn.scp scp:data/test/split2/2/feats.scp ark:- | splice-feats --left-context=3 --right-context=3 ark:- ark:- | transform-feats exp/tri3b/final.mat ark:- ark:- | transform-feats --utt2spk=ark:data/test/split2/2/utt2spk ark:exp/tri3b/decode/pre_trans.2 ark:- ark:- |' 'ark:|gzip -c > exp/tri3b/decode/lat.tmp.2.gz' 
transform-feats exp/tri3b/final.mat ark:- ark:- 
transform-feats --utt2spk=ark:data/test/split2/2/utt2spk ark:exp/tri3b/decode/pre_trans.2 ark:- ark:- 
splice-feats --left-context=3 --right-context=3 ark:- ark:- 
apply-cmvn --utt2spk=ark:data/test/split2/2/utt2spk scp:data/test/split2/2/cmvn.scp scp:data/test/split2/2/feats.scp ark:- 
LOG (apply-cmvn[5.5.1074~1-71f3]:main():apply-cmvn.cc:162) Applied cepstral mean normalization to 10 utterances, errors on 0
srihari_2_3_3 2 
LOG (gmm-latgen-faster[5.5.1074~1-71f3]:DecodeUtteranceLatticeFaster():decoder-wrappers.cc:375) Log-like per frame for utterance srihari_2_3_3 is -6.14416 over 141 frames.
srihari_3_4_1 3 3 4 1 3 
LOG (gmm-latgen-faster[5.5.1074~1-71f3]:DecodeUtteranceLatticeFaster():decoder-wrappers.cc:375) Log-like per frame for utterance srihari_3_4_1 is -5.57462 over 223 frames.
srihari_3_6_6 3 1 3 6 6 
LOG (gmm-latgen-faster[5.5.1074~1-71f3]:DecodeUtteranceLatticeFaster():decoder-wrappers.cc:375) Log-like per frame for utterance srihari_3_6_6 is -5.31072 over 223 frames.
srihari_4_1_3 4 0 3 
LOG (gmm-latgen-faster[5.5.1074~1-71f3]:DecodeUtteranceLatticeFaster():decoder-wrappers.cc:375) Log-like per frame for utterance srihari_4_1_3 is -5.54891 over 171 frames.
LOG (transform-feats[5.5.1074~1-71f3]:main():transform-feats.cc:158) Overall average [pseudo-]logdet is -66.8189 over 2085 frames.
LOG (transform-feats[5.5.1074~1-71f3]:main():transform-feats.cc:161) Applied transform to 10 utterances; 0 had errors.
srihari_4_5_6 3 4 5 6 
LOG (gmm-latgen-faster[5.5.1074~1-71f3]:DecodeUtteranceLatticeFaster():decoder-wrappers.cc:375) Log-like per frame for utterance srihari_4_5_6 is -5.04035 over 204 frames.
srihari_5_3_3 3 6 3 
LOG (gmm-latgen-faster[5.5.1074~1-71f3]:DecodeUtteranceLatticeFaster():decoder-wrappers.cc:375) Log-like per frame for utterance srihari_5_3_3 is -6.19995 over 229 frames.
srihari_5_9_8 3 5 9 8 
LOG (gmm-latgen-faster[5.5.1074~1-71f3]:DecodeUtteranceLatticeFaster():decoder-wrappers.cc:375) Log-like per frame for utterance srihari_5_9_8 is -5.48649 over 209 frames.
LOG (transform-feats[5.5.1074~1-71f3]:main():transform-feats.cc:158) Overall average logdet is -2.31718 over 2085 frames.
LOG (transform-feats[5.5.1074~1-71f3]:main():transform-feats.cc:161) Applied transform to 10 utterances; 0 had errors.
srihari_6_7_7 6 7 3 7 
LOG (gmm-latgen-faster[5.5.1074~1-71f3]:DecodeUtteranceLatticeFaster():decoder-wrappers.cc:375) Log-like per frame for utterance srihari_6_7_7 is -5.31652 over 270 frames.
srihari_8_4_6 4 4 6 3 
LOG (gmm-latgen-faster[5.5.1074~1-71f3]:DecodeUtteranceLatticeFaster():decoder-wrappers.cc:375) Log-like per frame for utterance srihari_8_4_6 is -5.25636 over 187 frames.
srihari_8_4_7 7 4 7 
LOG (gmm-latgen-faster[5.5.1074~1-71f3]:DecodeUtteranceLatticeFaster():decoder-wrappers.cc:375) Log-like per frame for utterance srihari_8_4_7 is -4.97296 over 228 frames.
LOG (gmm-latgen-faster[5.5.1074~1-71f3]:main():gmm-latgen-faster.cc:176) Time taken 0.411906s: real-time factor assuming 100 frames/sec is 0.0197557
LOG (gmm-latgen-faster[5.5.1074~1-71f3]:main():gmm-latgen-faster.cc:179) Done 10 utterances, failed for 0
LOG (gmm-latgen-faster[5.5.1074~1-71f3]:main():gmm-latgen-faster.cc:181) Overall log-likelihood per frame is -5.46261 over 2085 frames.
# Accounting: time=1 threads=1
# Ended (code 0) at Thu Jun  8 11:01:17 IST 2023, elapsed time 1 seconds
