# gunzip -c exp/tri3b/decode.si/lat.2.gz | lattice-to-post --acoustic-scale=0.083333 ark:- ark:- | weight-silence-post 0.01 1:2:3:4:5:6:7:8:9:10 exp/tri3b/final.alimdl ark:- ark:- | gmm-post-to-gpost exp/tri3b/final.alimdl "ark,s,cs:apply-cmvn  --utt2spk=ark:data/test/split2/2/utt2spk scp:data/test/split2/2/cmvn.scp scp:data/test/split2/2/feats.scp ark:- | splice-feats --left-context=3 --right-context=3 ark:- ark:- | transform-feats exp/tri3b/final.mat ark:- ark:- |" ark:- ark:- | gmm-est-fmllr-gpost --fmllr-update-type=full --spk2utt=ark:data/test/split2/2/spk2utt exp/tri3b/final.mdl "ark,s,cs:apply-cmvn  --utt2spk=ark:data/test/split2/2/utt2spk scp:data/test/split2/2/cmvn.scp scp:data/test/split2/2/feats.scp ark:- | splice-feats --left-context=3 --right-context=3 ark:- ark:- | transform-feats exp/tri3b/final.mat ark:- ark:- |" ark,s,cs:- ark:exp/tri3b/decode/pre_trans.2 
# Started at Thu Jun  8 11:01:15 IST 2023
#
lattice-to-post --acoustic-scale=0.083333 ark:- ark:- 
weight-silence-post 0.01 1:2:3:4:5:6:7:8:9:10 exp/tri3b/final.alimdl ark:- ark:- 
LOG (lattice-to-post[5.5.1074~1-71f3]:main():lattice-to-post.cc:107) Overall average log-like/frame is -6.14059 over 2085 frames.  Average acoustic like/frame is -6.03043
LOG (lattice-to-post[5.5.1074~1-71f3]:main():lattice-to-post.cc:111) Done 10 lattices.
LOG (weight-silence-post[5.5.1074~1-71f3]:main():weight-silence-post.cc:95) Done 10 posteriors.
gmm-est-fmllr-gpost --fmllr-update-type=full --spk2utt=ark:data/test/split2/2/spk2utt exp/tri3b/final.mdl 'ark,s,cs:apply-cmvn  --utt2spk=ark:data/test/split2/2/utt2spk scp:data/test/split2/2/cmvn.scp scp:data/test/split2/2/feats.scp ark:- | splice-feats --left-context=3 --right-context=3 ark:- ark:- | transform-feats exp/tri3b/final.mat ark:- ark:- |' ark,s,cs:- ark:exp/tri3b/decode/pre_trans.2 
apply-cmvn --utt2spk=ark:data/test/split2/2/utt2spk scp:data/test/split2/2/cmvn.scp scp:data/test/split2/2/feats.scp ark:- 
splice-feats --left-context=3 --right-context=3 ark:- ark:- 
LOG (apply-cmvn[5.5.1074~1-71f3]:main():apply-cmvn.cc:162) Applied cepstral mean normalization to 10 utterances, errors on 0
transform-feats exp/tri3b/final.mat ark:- ark:- 
gmm-post-to-gpost exp/tri3b/final.alimdl 'ark,s,cs:apply-cmvn  --utt2spk=ark:data/test/split2/2/utt2spk scp:data/test/split2/2/cmvn.scp scp:data/test/split2/2/feats.scp ark:- | splice-feats --left-context=3 --right-context=3 ark:- ark:- | transform-feats exp/tri3b/final.mat ark:- ark:- |' ark:- ark:- 
splice-feats --left-context=3 --right-context=3 ark:- ark:- 
apply-cmvn --utt2spk=ark:data/test/split2/2/utt2spk scp:data/test/split2/2/cmvn.scp scp:data/test/split2/2/feats.scp ark:- 
transform-feats exp/tri3b/final.mat ark:- ark:- 
LOG (apply-cmvn[5.5.1074~1-71f3]:main():apply-cmvn.cc:162) Applied cepstral mean normalization to 10 utterances, errors on 0
LOG (transform-feats[5.5.1074~1-71f3]:main():transform-feats.cc:158) Overall average [pseudo-]logdet is -66.8189 over 2085 frames.
LOG (transform-feats[5.5.1074~1-71f3]:main():transform-feats.cc:161) Applied transform to 10 utterances; 0 had errors.
LOG (transform-feats[5.5.1074~1-71f3]:main():transform-feats.cc:158) Overall average [pseudo-]logdet is -66.8189 over 2085 frames.
LOG (transform-feats[5.5.1074~1-71f3]:main():transform-feats.cc:161) Applied transform to 10 utterances; 0 had errors.
LOG (gmm-post-to-gpost[5.5.1074~1-71f3]:main():gmm-post-to-gpost.cc:124) Done 10 files, 0 with no posteriors, 0 with other errors.
LOG (gmm-post-to-gpost[5.5.1074~1-71f3]:main():gmm-post-to-gpost.cc:128) Overall avg like per frame (Gaussian only) = -69.9928 over 1408.93 frames.
LOG (gmm-post-to-gpost[5.5.1074~1-71f3]:main():gmm-post-to-gpost.cc:131) Done converting post to gpost
LOG (gmm-est-fmllr-gpost[5.5.1074~1-71f3]:ComputeFmllrMatrixDiagGmmFull():fmllr-diag-gmm.cc:262) fMLLR objf improvement is 14.7293 per frame over 1408.93 frames.
LOG (gmm-est-fmllr-gpost[5.5.1074~1-71f3]:main():gmm-est-fmllr-gpost.cc:141) For speaker srihari, auxf-impr from fMLLR is 14.7293, over 1408.93 frames.

LOG (gmm-est-fmllr-gpost[5.5.1074~1-71f3]:main():gmm-est-fmllr-gpost.cc:186) Done 10 files, 0 with no gposts, 0 with other errors.
LOG (gmm-est-fmllr-gpost[5.5.1074~1-71f3]:main():gmm-est-fmllr-gpost.cc:188) Overall fMLLR auxf impr per frame is 14.7293 over 1408.93 frames.
# Accounting: time=1 threads=1
# Ended (code 0) at Thu Jun  8 11:01:16 IST 2023, elapsed time 1 seconds
