# ali-to-post "ark:gunzip -c exp/tri3b/ali.1.gz|" ark:- | gmm-acc-stats-twofeats exp/tri3b/35.mdl "ark,s,cs:apply-cmvn  --utt2spk=ark:data/train/split2/1/utt2spk scp:data/train/split2/1/cmvn.scp scp:data/train/split2/1/feats.scp ark:- | splice-feats --left-context=3 --right-context=3 ark:- ark:- | transform-feats exp/tri2b_ali/final.mat ark:- ark:- | transform-feats --utt2spk=ark:data/train/split2/1/utt2spk ark:exp/tri3b/trans.1 ark:- ark:- |" "ark,s,cs:apply-cmvn  --utt2spk=ark:data/train/split2/1/utt2spk scp:data/train/split2/1/cmvn.scp scp:data/train/split2/1/feats.scp ark:- | splice-feats --left-context=3 --right-context=3 ark:- ark:- | transform-feats exp/tri2b_ali/final.mat ark:- ark:- |" ark,s,cs:- exp/tri3b/35.1.acc 
# Started at Thu Jun  8 11:01:09 IST 2023
#
ali-to-post 'ark:gunzip -c exp/tri3b/ali.1.gz|' ark:- 
gmm-acc-stats-twofeats exp/tri3b/35.mdl 'ark,s,cs:apply-cmvn  --utt2spk=ark:data/train/split2/1/utt2spk scp:data/train/split2/1/cmvn.scp scp:data/train/split2/1/feats.scp ark:- | splice-feats --left-context=3 --right-context=3 ark:- ark:- | transform-feats exp/tri2b_ali/final.mat ark:- ark:- | transform-feats --utt2spk=ark:data/train/split2/1/utt2spk ark:exp/tri3b/trans.1 ark:- ark:- |' 'ark,s,cs:apply-cmvn  --utt2spk=ark:data/train/split2/1/utt2spk scp:data/train/split2/1/cmvn.scp scp:data/train/split2/1/feats.scp ark:- | splice-feats --left-context=3 --right-context=3 ark:- ark:- | transform-feats exp/tri2b_ali/final.mat ark:- ark:- |' ark,s,cs:- exp/tri3b/35.1.acc 
apply-cmvn --utt2spk=ark:data/train/split2/1/utt2spk scp:data/train/split2/1/cmvn.scp scp:data/train/split2/1/feats.scp ark:- 
transform-feats exp/tri2b_ali/final.mat ark:- ark:- 
splice-feats --left-context=3 --right-context=3 ark:- ark:- 
transform-feats --utt2spk=ark:data/train/split2/1/utt2spk ark:exp/tri3b/trans.1 ark:- ark:- 
apply-cmvn --utt2spk=ark:data/train/split2/1/utt2spk scp:data/train/split2/1/cmvn.scp scp:data/train/split2/1/feats.scp ark:- 
splice-feats --left-context=3 --right-context=3 ark:- ark:- 
transform-feats exp/tri2b_ali/final.mat ark:- ark:- 
LOG (gmm-acc-stats-twofeats[5.5.1074~1-71f3]:main():gmm-acc-stats-twofeats.cc:140) Average like for this file is -46.8638 over 429 frames.
LOG (gmm-acc-stats-twofeats[5.5.1074~1-71f3]:main():gmm-acc-stats-twofeats.cc:140) Average like for this file is -42.877 over 408 frames.
LOG (gmm-acc-stats-twofeats[5.5.1074~1-71f3]:main():gmm-acc-stats-twofeats.cc:140) Average like for this file is -43.9971 over 417 frames.
LOG (gmm-acc-stats-twofeats[5.5.1074~1-71f3]:main():gmm-acc-stats-twofeats.cc:140) Average like for this file is -42.7538 over 419 frames.
LOG (gmm-acc-stats-twofeats[5.5.1074~1-71f3]:main():gmm-acc-stats-twofeats.cc:140) Average like for this file is -43.1132 over 402 frames.
LOG (gmm-acc-stats-twofeats[5.5.1074~1-71f3]:main():gmm-acc-stats-twofeats.cc:140) Average like for this file is -44.1784 over 389 frames.
LOG (gmm-acc-stats-twofeats[5.5.1074~1-71f3]:main():gmm-acc-stats-twofeats.cc:140) Average like for this file is -43.702 over 421 frames.
LOG (gmm-acc-stats-twofeats[5.5.1074~1-71f3]:main():gmm-acc-stats-twofeats.cc:140) Average like for this file is -42.7945 over 401 frames.
LOG (gmm-acc-stats-twofeats[5.5.1074~1-71f3]:main():gmm-acc-stats-twofeats.cc:140) Average like for this file is -43.3735 over 428 frames.
LOG (gmm-acc-stats-twofeats[5.5.1074~1-71f3]:main():gmm-acc-stats-twofeats.cc:140) Average like for this file is -44.4164 over 435 frames.
LOG (gmm-acc-stats-twofeats[5.5.1074~1-71f3]:main():gmm-acc-stats-twofeats.cc:146) Avg like per frame so far is -43.8226
LOG (gmm-acc-stats-twofeats[5.5.1074~1-71f3]:main():gmm-acc-stats-twofeats.cc:140) Average like for this file is -53.9426 over 250 frames.
LOG (ali-to-post[5.5.1074~1-71f3]:main():ali-to-post.cc:73) Converted 50 alignments.
LOG (gmm-acc-stats-twofeats[5.5.1074~1-71f3]:main():gmm-acc-stats-twofeats.cc:140) Average like for this file is -57.0841 over 265 frames.
LOG (gmm-acc-stats-twofeats[5.5.1074~1-71f3]:main():gmm-acc-stats-twofeats.cc:140) Average like for this file is -53.547 over 250 frames.
LOG (gmm-acc-stats-twofeats[5.5.1074~1-71f3]:main():gmm-acc-stats-twofeats.cc:140) Average like for this file is -53.7101 over 245 frames.
LOG (gmm-acc-stats-twofeats[5.5.1074~1-71f3]:main():gmm-acc-stats-twofeats.cc:140) Average like for this file is -54.7258 over 259 frames.
LOG (gmm-acc-stats-twofeats[5.5.1074~1-71f3]:main():gmm-acc-stats-twofeats.cc:140) Average like for this file is -51.6726 over 244 frames.
LOG (gmm-acc-stats-twofeats[5.5.1074~1-71f3]:main():gmm-acc-stats-twofeats.cc:140) Average like for this file is -57.8529 over 216 frames.
LOG (gmm-acc-stats-twofeats[5.5.1074~1-71f3]:main():gmm-acc-stats-twofeats.cc:140) Average like for this file is -53.6383 over 277 frames.
LOG (gmm-acc-stats-twofeats[5.5.1074~1-71f3]:main():gmm-acc-stats-twofeats.cc:140) Average like for this file is -52.5268 over 234 frames.
LOG (gmm-acc-stats-twofeats[5.5.1074~1-71f3]:main():gmm-acc-stats-twofeats.cc:140) Average like for this file is -51.2312 over 238 frames.
LOG (gmm-acc-stats-twofeats[5.5.1074~1-71f3]:main():gmm-acc-stats-twofeats.cc:146) Avg like per frame so far is -47.6232
LOG (gmm-acc-stats-twofeats[5.5.1074~1-71f3]:main():gmm-acc-stats-twofeats.cc:140) Average like for this file is -56.0651 over 164 frames.
LOG (gmm-acc-stats-twofeats[5.5.1074~1-71f3]:main():gmm-acc-stats-twofeats.cc:140) Average like for this file is -56.4257 over 141 frames.
LOG (gmm-acc-stats-twofeats[5.5.1074~1-71f3]:main():gmm-acc-stats-twofeats.cc:140) Average like for this file is -56.397 over 171 frames.
LOG (gmm-acc-stats-twofeats[5.5.1074~1-71f3]:main():gmm-acc-stats-twofeats.cc:140) Average like for this file is -56.2518 over 152 frames.
LOG (gmm-acc-stats-twofeats[5.5.1074~1-71f3]:main():gmm-acc-stats-twofeats.cc:140) Average like for this file is -61.2141 over 162 frames.
LOG (gmm-acc-stats-twofeats[5.5.1074~1-71f3]:main():gmm-acc-stats-twofeats.cc:140) Average like for this file is -55.494 over 116 frames.
LOG (gmm-acc-stats-twofeats[5.5.1074~1-71f3]:main():gmm-acc-stats-twofeats.cc:140) Average like for this file is -51.3009 over 130 frames.
LOG (gmm-acc-stats-twofeats[5.5.1074~1-71f3]:main():gmm-acc-stats-twofeats.cc:140) Average like for this file is -52.359 over 116 frames.
LOG (gmm-acc-stats-twofeats[5.5.1074~1-71f3]:main():gmm-acc-stats-twofeats.cc:140) Average like for this file is -54.1564 over 127 frames.
LOG (gmm-acc-stats-twofeats[5.5.1074~1-71f3]:main():gmm-acc-stats-twofeats.cc:140) Average like for this file is -53.5512 over 133 frames.
LOG (gmm-acc-stats-twofeats[5.5.1074~1-71f3]:main():gmm-acc-stats-twofeats.cc:146) Avg like per frame so far is -49.0162
LOG (gmm-acc-stats-twofeats[5.5.1074~1-71f3]:main():gmm-acc-stats-twofeats.cc:140) Average like for this file is -53.3159 over 307 frames.
LOG (gmm-acc-stats-twofeats[5.5.1074~1-71f3]:main():gmm-acc-stats-twofeats.cc:140) Average like for this file is -50.8139 over 248 frames.
LOG (gmm-acc-stats-twofeats[5.5.1074~1-71f3]:main():gmm-acc-stats-twofeats.cc:140) Average like for this file is -53.6282 over 231 frames.
LOG (apply-cmvn[5.5.1074~1-71f3]:main():apply-cmvn.cc:162) Applied cepstral mean normalization to 50 utterances, errors on 0
LOG (gmm-acc-stats-twofeats[5.5.1074~1-71f3]:main():gmm-acc-stats-twofeats.cc:140) Average like for this file is -54.11 over 242 frames.
LOG (gmm-acc-stats-twofeats[5.5.1074~1-71f3]:main():gmm-acc-stats-twofeats.cc:140) Average like for this file is -51.8133 over 256 frames.
LOG (apply-cmvn[5.5.1074~1-71f3]:main():apply-cmvn.cc:162) Applied cepstral mean normalization to 50 utterances, errors on 0
LOG (gmm-acc-stats-twofeats[5.5.1074~1-71f3]:main():gmm-acc-stats-twofeats.cc:140) Average like for this file is -54.7736 over 270 frames.
LOG (gmm-acc-stats-twofeats[5.5.1074~1-71f3]:main():gmm-acc-stats-twofeats.cc:140) Average like for this file is -53.3214 over 265 frames.
LOG (gmm-acc-stats-twofeats[5.5.1074~1-71f3]:main():gmm-acc-stats-twofeats.cc:140) Average like for this file is -53.8496 over 270 frames.
LOG (gmm-acc-stats-twofeats[5.5.1074~1-71f3]:main():gmm-acc-stats-twofeats.cc:140) Average like for this file is -53.2035 over 262 frames.
LOG (gmm-acc-stats-twofeats[5.5.1074~1-71f3]:main():gmm-acc-stats-twofeats.cc:140) Average like for this file is -49.8979 over 280 frames.
LOG (gmm-acc-stats-twofeats[5.5.1074~1-71f3]:main():gmm-acc-stats-twofeats.cc:146) Avg like per frame so far is -49.965
LOG (gmm-acc-stats-twofeats[5.5.1074~1-71f3]:main():gmm-acc-stats-twofeats.cc:140) Average like for this file is -56.2302 over 154 frames.
LOG (gmm-acc-stats-twofeats[5.5.1074~1-71f3]:main():gmm-acc-stats-twofeats.cc:140) Average like for this file is -52.1346 over 154 frames.
LOG (gmm-acc-stats-twofeats[5.5.1074~1-71f3]:main():gmm-acc-stats-twofeats.cc:140) Average like for this file is -58.304 over 127 frames.
LOG (gmm-acc-stats-twofeats[5.5.1074~1-71f3]:main():gmm-acc-stats-twofeats.cc:140) Average like for this file is -56.3769 over 137 frames.
LOG (transform-feats[5.5.1074~1-71f3]:main():transform-feats.cc:158) Overall average [pseudo-]logdet is -66.8189 over 12110 frames.
LOG (transform-feats[5.5.1074~1-71f3]:main():transform-feats.cc:161) Applied transform to 50 utterances; 0 had errors.
LOG (gmm-acc-stats-twofeats[5.5.1074~1-71f3]:main():gmm-acc-stats-twofeats.cc:140) Average like for this file is -55.671 over 156 frames.
LOG (gmm-acc-stats-twofeats[5.5.1074~1-71f3]:main():gmm-acc-stats-twofeats.cc:140) Average like for this file is -57.2738 over 145 frames.
LOG (transform-feats[5.5.1074~1-71f3]:main():transform-feats.cc:158) Overall average logdet is 4.43239 over 12110 frames.
LOG (transform-feats[5.5.1074~1-71f3]:main():transform-feats.cc:161) Applied transform to 50 utterances; 0 had errors.
LOG (gmm-acc-stats-twofeats[5.5.1074~1-71f3]:main():gmm-acc-stats-twofeats.cc:140) Average like for this file is -56.7109 over 143 frames.
LOG (gmm-acc-stats-twofeats[5.5.1074~1-71f3]:main():gmm-acc-stats-twofeats.cc:140) Average like for this file is -55.7 over 126 frames.
LOG (transform-feats[5.5.1074~1-71f3]:main():transform-feats.cc:158) Overall average [pseudo-]logdet is -66.8189 over 12110 frames.
LOG (transform-feats[5.5.1074~1-71f3]:main():transform-feats.cc:161) Applied transform to 50 utterances; 0 had errors.
LOG (gmm-acc-stats-twofeats[5.5.1074~1-71f3]:main():gmm-acc-stats-twofeats.cc:140) Average like for this file is -57.77 over 144 frames.
LOG (gmm-acc-stats-twofeats[5.5.1074~1-71f3]:main():gmm-acc-stats-twofeats.cc:140) Average like for this file is -54.8494 over 154 frames.
LOG (gmm-acc-stats-twofeats[5.5.1074~1-71f3]:main():gmm-acc-stats-twofeats.cc:146) Avg like per frame so far is -50.6876
LOG (gmm-acc-stats-twofeats[5.5.1074~1-71f3]:main():gmm-acc-stats-twofeats.cc:150) Done 50 files, 0 with no posteriors, 0 with no second features, 0 with other errors.
LOG (gmm-acc-stats-twofeats[5.5.1074~1-71f3]:main():gmm-acc-stats-twofeats.cc:155) Overall avg like per frame (Gaussian only) = -50.6876 over 12110 frames.
LOG (gmm-acc-stats-twofeats[5.5.1074~1-71f3]:main():gmm-acc-stats-twofeats.cc:163) Written accs.
# Accounting: time=1 threads=1
# Ended (code 0) at Thu Jun  8 11:01:10 IST 2023, elapsed time 1 seconds
