# ali-to-post "ark:gunzip -c exp/tri3b/ali.2.gz|" ark:- | gmm-acc-stats-twofeats exp/tri3b/35.mdl "ark,s,cs:apply-cmvn  --utt2spk=ark:data/train/split2/2/utt2spk scp:data/train/split2/2/cmvn.scp scp:data/train/split2/2/feats.scp ark:- | splice-feats --left-context=3 --right-context=3 ark:- ark:- | transform-feats exp/tri2b_ali/final.mat ark:- ark:- | transform-feats --utt2spk=ark:data/train/split2/2/utt2spk ark:exp/tri3b/trans.2 ark:- ark:- |" "ark,s,cs:apply-cmvn  --utt2spk=ark:data/train/split2/2/utt2spk scp:data/train/split2/2/cmvn.scp scp:data/train/split2/2/feats.scp ark:- | splice-feats --left-context=3 --right-context=3 ark:- ark:- | transform-feats exp/tri2b_ali/final.mat ark:- ark:- |" ark,s,cs:- exp/tri3b/35.2.acc 
# Started at Thu Jun  8 11:01:09 IST 2023
#
ali-to-post 'ark:gunzip -c exp/tri3b/ali.2.gz|' ark:- 
gmm-acc-stats-twofeats exp/tri3b/35.mdl 'ark,s,cs:apply-cmvn  --utt2spk=ark:data/train/split2/2/utt2spk scp:data/train/split2/2/cmvn.scp scp:data/train/split2/2/feats.scp ark:- | splice-feats --left-context=3 --right-context=3 ark:- ark:- | transform-feats exp/tri2b_ali/final.mat ark:- ark:- | transform-feats --utt2spk=ark:data/train/split2/2/utt2spk ark:exp/tri3b/trans.2 ark:- ark:- |' 'ark,s,cs:apply-cmvn  --utt2spk=ark:data/train/split2/2/utt2spk scp:data/train/split2/2/cmvn.scp scp:data/train/split2/2/feats.scp ark:- | splice-feats --left-context=3 --right-context=3 ark:- ark:- | transform-feats exp/tri2b_ali/final.mat ark:- ark:- |' ark,s,cs:- exp/tri3b/35.2.acc 
apply-cmvn --utt2spk=ark:data/train/split2/2/utt2spk scp:data/train/split2/2/cmvn.scp scp:data/train/split2/2/feats.scp ark:- 
transform-feats exp/tri2b_ali/final.mat ark:- ark:- 
splice-feats --left-context=3 --right-context=3 ark:- ark:- 
transform-feats --utt2spk=ark:data/train/split2/2/utt2spk ark:exp/tri3b/trans.2 ark:- ark:- 
apply-cmvn --utt2spk=ark:data/train/split2/2/utt2spk scp:data/train/split2/2/cmvn.scp scp:data/train/split2/2/feats.scp ark:- 
splice-feats --left-context=3 --right-context=3 ark:- ark:- 
transform-feats exp/tri2b_ali/final.mat ark:- ark:- 
LOG (gmm-acc-stats-twofeats[5.5.1074~1-71f3]:main():gmm-acc-stats-twofeats.cc:140) Average like for this file is -53.4107 over 305 frames.
LOG (gmm-acc-stats-twofeats[5.5.1074~1-71f3]:main():gmm-acc-stats-twofeats.cc:140) Average like for this file is -49.2 over 338 frames.
LOG (gmm-acc-stats-twofeats[5.5.1074~1-71f3]:main():gmm-acc-stats-twofeats.cc:140) Average like for this file is -50.9402 over 279 frames.
LOG (gmm-acc-stats-twofeats[5.5.1074~1-71f3]:main():gmm-acc-stats-twofeats.cc:140) Average like for this file is -49.532 over 278 frames.
LOG (gmm-acc-stats-twofeats[5.5.1074~1-71f3]:main():gmm-acc-stats-twofeats.cc:140) Average like for this file is -50.1987 over 286 frames.
LOG (gmm-acc-stats-twofeats[5.5.1074~1-71f3]:main():gmm-acc-stats-twofeats.cc:140) Average like for this file is -52.7375 over 358 frames.
LOG (gmm-acc-stats-twofeats[5.5.1074~1-71f3]:main():gmm-acc-stats-twofeats.cc:140) Average like for this file is -53.0888 over 258 frames.
LOG (gmm-acc-stats-twofeats[5.5.1074~1-71f3]:main():gmm-acc-stats-twofeats.cc:140) Average like for this file is -50.6772 over 276 frames.
LOG (gmm-acc-stats-twofeats[5.5.1074~1-71f3]:main():gmm-acc-stats-twofeats.cc:140) Average like for this file is -51.6983 over 299 frames.
LOG (gmm-acc-stats-twofeats[5.5.1074~1-71f3]:main():gmm-acc-stats-twofeats.cc:140) Average like for this file is -49.1742 over 287 frames.
LOG (gmm-acc-stats-twofeats[5.5.1074~1-71f3]:main():gmm-acc-stats-twofeats.cc:146) Avg like per frame so far is -51.0774
LOG (gmm-acc-stats-twofeats[5.5.1074~1-71f3]:main():gmm-acc-stats-twofeats.cc:140) Average like for this file is -46.1488 over 370 frames.
LOG (gmm-acc-stats-twofeats[5.5.1074~1-71f3]:main():gmm-acc-stats-twofeats.cc:140) Average like for this file is -47.6764 over 310 frames.
LOG (gmm-acc-stats-twofeats[5.5.1074~1-71f3]:main():gmm-acc-stats-twofeats.cc:140) Average like for this file is -45.51 over 303 frames.
LOG (gmm-acc-stats-twofeats[5.5.1074~1-71f3]:main():gmm-acc-stats-twofeats.cc:140) Average like for this file is -44.4037 over 365 frames.
LOG (gmm-acc-stats-twofeats[5.5.1074~1-71f3]:main():gmm-acc-stats-twofeats.cc:140) Average like for this file is -47.0007 over 318 frames.
LOG (gmm-acc-stats-twofeats[5.5.1074~1-71f3]:main():gmm-acc-stats-twofeats.cc:140) Average like for this file is -48.4339 over 301 frames.
LOG (gmm-acc-stats-twofeats[5.5.1074~1-71f3]:main():gmm-acc-stats-twofeats.cc:140) Average like for this file is -47.9878 over 285 frames.
LOG (gmm-acc-stats-twofeats[5.5.1074~1-71f3]:main():gmm-acc-stats-twofeats.cc:140) Average like for this file is -45.1779 over 298 frames.
LOG (gmm-acc-stats-twofeats[5.5.1074~1-71f3]:main():gmm-acc-stats-twofeats.cc:140) Average like for this file is -47.8554 over 300 frames.
LOG (gmm-acc-stats-twofeats[5.5.1074~1-71f3]:main():gmm-acc-stats-twofeats.cc:140) Average like for this file is -46.0755 over 309 frames.
LOG (gmm-acc-stats-twofeats[5.5.1074~1-71f3]:main():gmm-acc-stats-twofeats.cc:146) Avg like per frame so far is -48.7512
LOG (gmm-acc-stats-twofeats[5.5.1074~1-71f3]:main():gmm-acc-stats-twofeats.cc:140) Average like for this file is -44.3443 over 384 frames.
LOG (gmm-acc-stats-twofeats[5.5.1074~1-71f3]:main():gmm-acc-stats-twofeats.cc:140) Average like for this file is -49.7763 over 245 frames.
LOG (gmm-acc-stats-twofeats[5.5.1074~1-71f3]:main():gmm-acc-stats-twofeats.cc:140) Average like for this file is -49.2225 over 336 frames.
LOG (gmm-acc-stats-twofeats[5.5.1074~1-71f3]:main():gmm-acc-stats-twofeats.cc:140) Average like for this file is -41.2996 over 497 frames.
LOG (gmm-acc-stats-twofeats[5.5.1074~1-71f3]:main():gmm-acc-stats-twofeats.cc:140) Average like for this file is -45.8457 over 352 frames.
LOG (gmm-acc-stats-twofeats[5.5.1074~1-71f3]:main():gmm-acc-stats-twofeats.cc:140) Average like for this file is -44.4634 over 303 frames.
LOG (ali-to-post[5.5.1074~1-71f3]:main():ali-to-post.cc:73) Converted 50 alignments.
LOG (gmm-acc-stats-twofeats[5.5.1074~1-71f3]:main():gmm-acc-stats-twofeats.cc:140) Average like for this file is -38.03 over 677 frames.
LOG (gmm-acc-stats-twofeats[5.5.1074~1-71f3]:main():gmm-acc-stats-twofeats.cc:140) Average like for this file is -42.9529 over 325 frames.
LOG (gmm-acc-stats-twofeats[5.5.1074~1-71f3]:main():gmm-acc-stats-twofeats.cc:140) Average like for this file is -45.7796 over 319 frames.
LOG (gmm-acc-stats-twofeats[5.5.1074~1-71f3]:main():gmm-acc-stats-twofeats.cc:140) Average like for this file is -43.761 over 346 frames.
LOG (gmm-acc-stats-twofeats[5.5.1074~1-71f3]:main():gmm-acc-stats-twofeats.cc:146) Avg like per frame so far is -46.8207
LOG (gmm-acc-stats-twofeats[5.5.1074~1-71f3]:main():gmm-acc-stats-twofeats.cc:140) Average like for this file is -57.8701 over 284 frames.
LOG (gmm-acc-stats-twofeats[5.5.1074~1-71f3]:main():gmm-acc-stats-twofeats.cc:140) Average like for this file is -55.823 over 201 frames.
LOG (gmm-acc-stats-twofeats[5.5.1074~1-71f3]:main():gmm-acc-stats-twofeats.cc:140) Average like for this file is -51.8965 over 214 frames.
LOG (gmm-acc-stats-twofeats[5.5.1074~1-71f3]:main():gmm-acc-stats-twofeats.cc:140) Average like for this file is -49.343 over 200 frames.
LOG (gmm-acc-stats-twofeats[5.5.1074~1-71f3]:main():gmm-acc-stats-twofeats.cc:140) Average like for this file is -52.2591 over 221 frames.
LOG (gmm-acc-stats-twofeats[5.5.1074~1-71f3]:main():gmm-acc-stats-twofeats.cc:140) Average like for this file is -52.8253 over 185 frames.
LOG (gmm-acc-stats-twofeats[5.5.1074~1-71f3]:main():gmm-acc-stats-twofeats.cc:140) Average like for this file is -52.7155 over 193 frames.
LOG (gmm-acc-stats-twofeats[5.5.1074~1-71f3]:main():gmm-acc-stats-twofeats.cc:140) Average like for this file is -48.3407 over 253 frames.
LOG (gmm-acc-stats-twofeats[5.5.1074~1-71f3]:main():gmm-acc-stats-twofeats.cc:140) Average like for this file is -48.6331 over 222 frames.
LOG (gmm-acc-stats-twofeats[5.5.1074~1-71f3]:main():gmm-acc-stats-twofeats.cc:140) Average like for this file is -49.1436 over 257 frames.
LOG (gmm-acc-stats-twofeats[5.5.1074~1-71f3]:main():gmm-acc-stats-twofeats.cc:146) Avg like per frame so far is -47.7577
LOG (gmm-acc-stats-twofeats[5.5.1074~1-71f3]:main():gmm-acc-stats-twofeats.cc:140) Average like for this file is -45.3114 over 464 frames.
LOG (gmm-acc-stats-twofeats[5.5.1074~1-71f3]:main():gmm-acc-stats-twofeats.cc:140) Average like for this file is -44.0374 over 428 frames.
LOG (gmm-acc-stats-twofeats[5.5.1074~1-71f3]:main():gmm-acc-stats-twofeats.cc:140) Average like for this file is -42.822 over 399 frames.
LOG (apply-cmvn[5.5.1074~1-71f3]:main():apply-cmvn.cc:162) Applied cepstral mean normalization to 50 utterances, errors on 0
LOG (gmm-acc-stats-twofeats[5.5.1074~1-71f3]:main():gmm-acc-stats-twofeats.cc:140) Average like for this file is -42.3225 over 453 frames.
LOG (apply-cmvn[5.5.1074~1-71f3]:main():apply-cmvn.cc:162) Applied cepstral mean normalization to 50 utterances, errors on 0
LOG (gmm-acc-stats-twofeats[5.5.1074~1-71f3]:main():gmm-acc-stats-twofeats.cc:140) Average like for this file is -44.6331 over 412 frames.
LOG (gmm-acc-stats-twofeats[5.5.1074~1-71f3]:main():gmm-acc-stats-twofeats.cc:140) Average like for this file is -41.4187 over 445 frames.
LOG (gmm-acc-stats-twofeats[5.5.1074~1-71f3]:main():gmm-acc-stats-twofeats.cc:140) Average like for this file is -43.4874 over 395 frames.
LOG (transform-feats[5.5.1074~1-71f3]:main():transform-feats.cc:158) Overall average [pseudo-]logdet is -66.8189 over 16436 frames.
LOG (transform-feats[5.5.1074~1-71f3]:main():transform-feats.cc:161) Applied transform to 50 utterances; 0 had errors.
LOG (gmm-acc-stats-twofeats[5.5.1074~1-71f3]:main():gmm-acc-stats-twofeats.cc:140) Average like for this file is -44.5403 over 422 frames.
LOG (transform-feats[5.5.1074~1-71f3]:main():transform-feats.cc:158) Overall average logdet is 4.37057 over 16436 frames.
LOG (transform-feats[5.5.1074~1-71f3]:main():transform-feats.cc:161) Applied transform to 50 utterances; 0 had errors.
LOG (transform-feats[5.5.1074~1-71f3]:main():transform-feats.cc:158) Overall average [pseudo-]logdet is -66.8189 over 16436 frames.
LOG (transform-feats[5.5.1074~1-71f3]:main():transform-feats.cc:161) Applied transform to 50 utterances; 0 had errors.
LOG (gmm-acc-stats-twofeats[5.5.1074~1-71f3]:main():gmm-acc-stats-twofeats.cc:140) Average like for this file is -42.0298 over 464 frames.
LOG (gmm-acc-stats-twofeats[5.5.1074~1-71f3]:main():gmm-acc-stats-twofeats.cc:140) Average like for this file is -45.227 over 417 frames.
LOG (gmm-acc-stats-twofeats[5.5.1074~1-71f3]:main():gmm-acc-stats-twofeats.cc:146) Avg like per frame so far is -46.661
LOG (gmm-acc-stats-twofeats[5.5.1074~1-71f3]:main():gmm-acc-stats-twofeats.cc:150) Done 50 files, 0 with no posteriors, 0 with no second features, 0 with other errors.
LOG (gmm-acc-stats-twofeats[5.5.1074~1-71f3]:main():gmm-acc-stats-twofeats.cc:155) Overall avg like per frame (Gaussian only) = -46.661 over 16436 frames.
LOG (gmm-acc-stats-twofeats[5.5.1074~1-71f3]:main():gmm-acc-stats-twofeats.cc:163) Written accs.
# Accounting: time=1 threads=1
# Ended (code 0) at Thu Jun  8 11:01:10 IST 2023, elapsed time 1 seconds
