# ali-to-post "ark:gunzip -c exp/tri3b/ali.2.gz|" ark:- | weight-silence-post 0.0 1:2:3:4:5:6:7:8:9:10 exp/tri3b/6.mdl ark:- ark:- | gmm-est-fmllr --fmllr-update-type=full --spk2utt=ark:data/train/split2/2/spk2utt exp/tri3b/6.mdl "ark,s,cs:apply-cmvn  --utt2spk=ark:data/train/split2/2/utt2spk scp:data/train/split2/2/cmvn.scp scp:data/train/split2/2/feats.scp ark:- | splice-feats --left-context=3 --right-context=3 ark:- ark:- | transform-feats exp/tri2b_ali/final.mat ark:- ark:- | transform-feats --utt2spk=ark:data/train/split2/2/utt2spk ark:exp/tri3b/trans.2 ark:- ark:- |" ark:- ark:exp/tri3b/tmp_trans.2 
# Started at Thu Jun  8 11:00:41 IST 2023
#
gmm-est-fmllr --fmllr-update-type=full --spk2utt=ark:data/train/split2/2/spk2utt exp/tri3b/6.mdl 'ark,s,cs:apply-cmvn  --utt2spk=ark:data/train/split2/2/utt2spk scp:data/train/split2/2/cmvn.scp scp:data/train/split2/2/feats.scp ark:- | splice-feats --left-context=3 --right-context=3 ark:- ark:- | transform-feats exp/tri2b_ali/final.mat ark:- ark:- | transform-feats --utt2spk=ark:data/train/split2/2/utt2spk ark:exp/tri3b/trans.2 ark:- ark:- |' ark:- ark:exp/tri3b/tmp_trans.2 
ali-to-post 'ark:gunzip -c exp/tri3b/ali.2.gz|' ark:- 
weight-silence-post 0.0 1:2:3:4:5:6:7:8:9:10 exp/tri3b/6.mdl ark:- ark:- 
apply-cmvn --utt2spk=ark:data/train/split2/2/utt2spk scp:data/train/split2/2/cmvn.scp scp:data/train/split2/2/feats.scp ark:- 
splice-feats --left-context=3 --right-context=3 ark:- ark:- 
transform-feats exp/tri2b_ali/final.mat ark:- ark:- 
transform-feats --utt2spk=ark:data/train/split2/2/utt2spk ark:exp/tri3b/trans.2 ark:- ark:- 
LOG (gmm-est-fmllr[5.5.1074~1-71f3]:ComputeFmllrMatrixDiagGmmFull():fmllr-diag-gmm.cc:262) fMLLR objf improvement is 0.211308 per frame over 1963 frames.
LOG (gmm-est-fmllr[5.5.1074~1-71f3]:main():gmm-est-fmllr.cc:143) For speaker pramod, auxf-impr from fMLLR is 0.211308, over 1963 frames.
LOG (ali-to-post[5.5.1074~1-71f3]:main():ali-to-post.cc:73) Converted 50 alignments.
LOG (gmm-est-fmllr[5.5.1074~1-71f3]:ComputeFmllrMatrixDiagGmmFull():fmllr-diag-gmm.cc:262) fMLLR objf improvement is 0.275759 per frame over 2413 frames.
LOG (gmm-est-fmllr[5.5.1074~1-71f3]:main():gmm-est-fmllr.cc:143) For speaker priyanka, auxf-impr from fMLLR is 0.275759, over 2413 frames.
LOG (gmm-est-fmllr[5.5.1074~1-71f3]:ComputeFmllrMatrixDiagGmmFull():fmllr-diag-gmm.cc:262) fMLLR objf improvement is 0.316845 per frame over 3150 frames.
LOG (gmm-est-fmllr[5.5.1074~1-71f3]:main():gmm-est-fmllr.cc:143) For speaker shubankar, auxf-impr from fMLLR is 0.316845, over 3150 frames.
LOG (weight-silence-post[5.5.1074~1-71f3]:main():weight-silence-post.cc:95) Done 50 posteriors.
LOG (gmm-est-fmllr[5.5.1074~1-71f3]:ComputeFmllrMatrixDiagGmmFull():fmllr-diag-gmm.cc:262) fMLLR objf improvement is 0.292163 per frame over 1714 frames.
LOG (gmm-est-fmllr[5.5.1074~1-71f3]:main():gmm-est-fmllr.cc:143) For speaker srihari, auxf-impr from fMLLR is 0.292163, over 1714 frames.
LOG (apply-cmvn[5.5.1074~1-71f3]:main():apply-cmvn.cc:162) Applied cepstral mean normalization to 50 utterances, errors on 0
LOG (transform-feats[5.5.1074~1-71f3]:main():transform-feats.cc:158) Overall average [pseudo-]logdet is -66.8189 over 16436 frames.
LOG (transform-feats[5.5.1074~1-71f3]:main():transform-feats.cc:161) Applied transform to 50 utterances; 0 had errors.
LOG (transform-feats[5.5.1074~1-71f3]:main():transform-feats.cc:158) Overall average logdet is 4.01123 over 16436 frames.
LOG (transform-feats[5.5.1074~1-71f3]:main():transform-feats.cc:161) Applied transform to 50 utterances; 0 had errors.
LOG (gmm-est-fmllr[5.5.1074~1-71f3]:ComputeFmllrMatrixDiagGmmFull():fmllr-diag-gmm.cc:262) fMLLR objf improvement is 0.117179 per frame over 2857 frames.
LOG (gmm-est-fmllr[5.5.1074~1-71f3]:main():gmm-est-fmllr.cc:143) For speaker subhangi, auxf-impr from fMLLR is 0.117179, over 2857 frames.
LOG (gmm-est-fmllr[5.5.1074~1-71f3]:main():gmm-est-fmllr.cc:188) Done 50 files, 0 with no posts, 0 with other errors.
LOG (gmm-est-fmllr[5.5.1074~1-71f3]:main():gmm-est-fmllr.cc:190) Overall fMLLR auxf impr per frame is 0.240871 over 12097 frames.
# Accounting: time=1 threads=1
# Ended (code 0) at Thu Jun  8 11:00:42 IST 2023, elapsed time 1 seconds
