# gmm-est --power=0.2 --write-occs=exp/tri3b/8.occs --mix-up=948 exp/tri3b/7.mdl "gmm-sum-accs - exp/tri3b/7.*.acc |" exp/tri3b/8.mdl 
# Started at Thu Jun  8 11:00:43 IST 2023
#
gmm-est --power=0.2 --write-occs=exp/tri3b/8.occs --mix-up=948 exp/tri3b/7.mdl 'gmm-sum-accs - exp/tri3b/7.*.acc |' exp/tri3b/8.mdl 
gmm-sum-accs - exp/tri3b/7.1.acc exp/tri3b/7.2.acc 
LOG (gmm-sum-accs[5.5.1074~1-71f3]:main():gmm-sum-accs.cc:63) Summed 2 stats, total count 28546, avg like/frame -53.1244
LOG (gmm-sum-accs[5.5.1074~1-71f3]:main():gmm-sum-accs.cc:66) Total count of stats is 28546
LOG (gmm-sum-accs[5.5.1074~1-71f3]:main():gmm-sum-accs.cc:67) Written stats to -
LOG (gmm-est[5.5.1074~1-71f3]:MleUpdate():transition-model.cc:528) TransitionModel::Update, objf change is 0 per frame over 28546 frames. 
LOG (gmm-est[5.5.1074~1-71f3]:MleUpdate():transition-model.cc:531) 38 probabilities floored, 379 out of 502 transition-states skipped due to insuffient data (it is normal to have some skipped.)
LOG (gmm-est[5.5.1074~1-71f3]:main():gmm-est.cc:102) Transition model update: Overall 0 log-like improvement per frame over 28546 frames.
WARNING (gmm-est[5.5.1074~1-71f3]:MleDiagGmmUpdate():mle-diag-gmm.cc:365) Gaussian has too little data but not removing it because it is the last Gaussian: i = 0, occ = 0, weight = 1
WARNING (gmm-est[5.5.1074~1-71f3]:MleDiagGmmUpdate():mle-diag-gmm.cc:359) Too little data - removing Gaussian (weight 0.047987, occupation count 8.877511, vector size 40)
WARNING (gmm-est[5.5.1074~1-71f3]:MleDiagGmmUpdate():mle-diag-gmm.cc:359) Too little data - removing Gaussian (weight 0.070468, occupation count 9.654165, vector size 40)
WARNING (gmm-est[5.5.1074~1-71f3]:MleDiagGmmUpdate():mle-diag-gmm.cc:359) Too little data - removing Gaussian (weight 0.051138, occupation count 9.204834, vector size 40)
WARNING (gmm-est[5.5.1074~1-71f3]:MleDiagGmmUpdate():mle-diag-gmm.cc:359) Too little data - removing Gaussian (weight 0.047896, occupation count 9.243855, vector size 40)
WARNING (gmm-est[5.5.1074~1-71f3]:MleDiagGmmUpdate():mle-diag-gmm.cc:359) Too little data - removing Gaussian (weight 0.038866, occupation count 8.006424, vector size 40)
WARNING (gmm-est[5.5.1074~1-71f3]:MleDiagGmmUpdate():mle-diag-gmm.cc:359) Too little data - removing Gaussian (weight 0.070548, occupation count 9.947268, vector size 40)
WARNING (gmm-est[5.5.1074~1-71f3]:MleDiagGmmUpdate():mle-diag-gmm.cc:359) Too little data - removing Gaussian (weight 0.066205, occupation count 9.334853, vector size 40)
WARNING (gmm-est[5.5.1074~1-71f3]:MleDiagGmmUpdate():mle-diag-gmm.cc:359) Too little data - removing Gaussian (weight 0.056580, occupation count 9.165922, vector size 40)
LOG (gmm-est[5.5.1074~1-71f3]:MleAmDiagGmmUpdate():mle-am-diag-gmm.cc:225) 0 variance elements floored in 0 Gaussians, out of 832
LOG (gmm-est[5.5.1074~1-71f3]:MleAmDiagGmmUpdate():mle-am-diag-gmm.cc:229) Removed 8 Gaussians due to counts < --min-gaussian-occupancy=10 and --remove-low-count-gaussians=true
LOG (gmm-est[5.5.1074~1-71f3]:main():gmm-est.cc:113) GMM update: Overall 0.346237 objective function improvement per frame over 28546 frames
LOG (gmm-est[5.5.1074~1-71f3]:main():gmm-est.cc:116) GMM update: Overall avg like per frame = -53.1244 over 28546 frames.
LOG (gmm-est[5.5.1074~1-71f3]:SplitByCount():am-diag-gmm.cc:116) Split 88 states with target = 948, power = 0.2, perturb_factor = 0.01 and min_count = 20, split #Gauss from 832 to 948
LOG (gmm-est[5.5.1074~1-71f3]:main():gmm-est.cc:146) Written model to exp/tri3b/8.mdl
# Accounting: time=0 threads=1
# Ended (code 0) at Thu Jun  8 11:00:43 IST 2023, elapsed time 0 seconds
