# gunzip -c exp/tri2a/decode/depth_tmp.*.gz | steps/diagnostic/analyze_lattice_depth_stats.py exp/tri2a/graph exp/tri2a/decode/ali_frame_tmp.gz 
# Started at Thu Jun  8 10:55:46 IST 2023
#
The total amount of data analyzed assuming 100 frames per second is 0.0 hours
Overall, lattice depth (10,50,90-percentile)=(1,4,15) and mean=6.1
Nonsilence phones as a group account for 79.3% of frames, with lattice depth (10,50,90-percentile)=(1,4,11) and mean=5.3
Phone AH_I accounts for 21.6% of frames, with lattice depth (10,50,90-percentile)=(2,4,12) and mean=5.1
Phone sil accounts for 20.7% of frames, with lattice depth (10,50,90-percentile)=(2,7,20) and mean=9.4
Phone CH_B accounts for 13.8% of frames, with lattice depth (10,50,90-percentile)=(2,5,11) and mean=5.9
Phone K_E accounts for 6.1% of frames, with lattice depth (10,50,90-percentile)=(1,2,22) and mean=4.9
Phone OW_E accounts for 4.4% of frames, with lattice depth (10,50,90-percentile)=(1,2,17) and mean=3.8
Phone EY_B accounts for 3.3% of frames, with lattice depth (10,50,90-percentile)=(2,4,7) and mean=5.3
Phone R_E accounts for 3.2% of frames, with lattice depth (10,50,90-percentile)=(1,4,7) and mean=4.5
Phone IY_I accounts for 2.9% of frames, with lattice depth (10,50,90-percentile)=(1,4,17) and mean=6.6
Phone EY_E accounts for 2.4% of frames, with lattice depth (10,50,90-percentile)=(1,5,17) and mean=7.2
Phone S_B accounts for 2.3% of frames, with lattice depth (10,50,90-percentile)=(1,4,8) and mean=5.2
Phone SH_B accounts for 2.3% of frames, with lattice depth (10,50,90-percentile)=(2,4,7) and mean=4.5
Phone N_E accounts for 2.2% of frames, with lattice depth (10,50,90-percentile)=(1,7,9) and mean=6.3
Phone TH_E accounts for 2.0% of frames, with lattice depth (10,50,90-percentile)=(1,4,8) and mean=4.6
Phone UW_I accounts for 1.8% of frames, with lattice depth (10,50,90-percentile)=(2,4,8) and mean=4.9
Phone T_E accounts for 1.6% of frames, with lattice depth (10,50,90-percentile)=(5,7,13) and mean=7.3
Phone AH_B accounts for 1.5% of frames, with lattice depth (10,50,90-percentile)=(1,5,12) and mean=5.7
Phone DH_B accounts for 1.5% of frames, with lattice depth (10,50,90-percentile)=(1,3,4) and mean=2.8
Phone TH_B accounts for 1.3% of frames, with lattice depth (10,50,90-percentile)=(2,7,15) and mean=8.1
Phone P_B accounts for 1.2% of frames, with lattice depth (10,50,90-percentile)=(3,5,12) and mean=7.4
Phone AW_E accounts for 1.1% of frames, with lattice depth (10,50,90-percentile)=(1,2,2) and mean=1.9
Phone CH_E accounts for 0.9% of frames, with lattice depth (10,50,90-percentile)=(1,2,6) and mean=3.8
Phone N_I accounts for 0.8% of frames, with lattice depth (10,50,90-percentile)=(1,6,8) and mean=5.4
Phone Y_E accounts for 0.6% of frames, with lattice depth (10,50,90-percentile)=(1,6,6) and mean=5.1
# Accounting: time=0 threads=1
# Ended (code 0) at Thu Jun  8 10:55:46 IST 2023, elapsed time 0 seconds
