# lattice-depth-per-frame "ark:gunzip -c exp/tri2a/decode/lat.1.gz|" "ark,t:|gzip -c > exp/tri2a/decode/depth_tmp.1.gz" ark:- | lattice-best-path --acoustic-scale=0.1 ark:- ark:/dev/null "ark,t:|gzip -c >exp/tri2a/decode/ali_tmp.1.gz" 
# Started at Thu Jun  8 10:55:45 IST 2023
#
lattice-best-path --acoustic-scale=0.1 ark:- ark:/dev/null 'ark,t:|gzip -c >exp/tri2a/decode/ali_tmp.1.gz' 
lattice-depth-per-frame 'ark:gunzip -c exp/tri2a/decode/lat.1.gz|' 'ark,t:|gzip -c > exp/tri2a/decode/depth_tmp.1.gz' ark:- 
LOG (lattice-best-path[5.5.1074~1-71f3]:main():lattice-best-path.cc:99) For utterance pramod_2_3_0, best cost 25.9024 + 1636.25 = 1662.15 over 161 frames.
LOG (lattice-best-path[5.5.1074~1-71f3]:main():lattice-best-path.cc:99) For utterance pramod_2_5_6, best cost 20.9789 + 1678.17 = 1699.15 over 161 frames.
LOG (lattice-best-path[5.5.1074~1-71f3]:main():lattice-best-path.cc:99) For utterance pramod_3_9_2, best cost 20.7652 + 1799.86 = 1820.63 over 151 frames.
LOG (lattice-best-path[5.5.1074~1-71f3]:main():lattice-best-path.cc:99) For utterance pramod_4_5_7, best cost 30.0078 + 1770.06 = 1800.07 over 186 frames.
LOG (lattice-depth-per-frame[5.5.1074~1-71f3]:main():lattice-depth-per-frame.cc:82) Done 10 lattices.
LOG (lattice-best-path[5.5.1074~1-71f3]:main():lattice-best-path.cc:99) For utterance pramod_4_8_3, best cost 21.1785 + 1521.73 = 1542.9 over 152 frames.
LOG (lattice-best-path[5.5.1074~1-71f3]:main():lattice-best-path.cc:99) For utterance pramod_5_2_5, best cost 25.7415 + 1653.28 = 1679.02 over 170 frames.
LOG (lattice-best-path[5.5.1074~1-71f3]:main():lattice-best-path.cc:99) For utterance pramod_6_1_1, best cost 24.9843 + 1737.95 = 1762.93 over 165 frames.
LOG (lattice-best-path[5.5.1074~1-71f3]:main():lattice-best-path.cc:99) For utterance pramod_6_7_1, best cost 22.7763 + 1472.6 = 1495.38 over 151 frames.
LOG (lattice-best-path[5.5.1074~1-71f3]:main():lattice-best-path.cc:99) For utterance pramod_7_0_9, best cost 20.1471 + 1711.56 = 1731.71 over 162 frames.
LOG (lattice-best-path[5.5.1074~1-71f3]:main():lattice-best-path.cc:99) For utterance pramod_7_4_6, best cost 25.6793 + 1670.37 = 1696.05 over 170 frames.
LOG (lattice-best-path[5.5.1074~1-71f3]:main():lattice-best-path.cc:124) Overall cost per frame is 10.3683 = 0.146201 [graph] + 10.2221 [acoustic] over 1629 frames.
LOG (lattice-best-path[5.5.1074~1-71f3]:main():lattice-best-path.cc:128) Done 10 lattices, failed for 0
# Accounting: time=0 threads=1
# Ended (code 0) at Thu Jun  8 10:55:45 IST 2023, elapsed time 0 seconds
