# gmm-latgen-faster --beam=13.0 --lattice-beam=7.0 --acoustic-scale=0.1 --max-mem=20000000 --max-active=5000 --word-symbol-table=data/lang/words.txt exp/tri2b/final.mdl exp/tri2b_denlats/dengraph/HCLG.fst "ark,s,cs:apply-cmvn  --utt2spk=ark:data/train/split2/1/utt2spk scp:data/train/split2/1/cmvn.scp scp:data/train/split2/1/feats.scp ark:- | splice-feats --left-context=3 --right-context=3 ark:- ark:- | transform-feats exp/tri2b/final.mat ark:- ark:- |" "ark:|gzip -c >exp/tri2b_denlats/lat.1.gz" 
# Started at Thu Jun  8 10:56:26 IST 2023
#
gmm-latgen-faster --beam=13.0 --lattice-beam=7.0 --acoustic-scale=0.1 --max-mem=20000000 --max-active=5000 --word-symbol-table=data/lang/words.txt exp/tri2b/final.mdl exp/tri2b_denlats/dengraph/HCLG.fst 'ark,s,cs:apply-cmvn  --utt2spk=ark:data/train/split2/1/utt2spk scp:data/train/split2/1/cmvn.scp scp:data/train/split2/1/feats.scp ark:- | splice-feats --left-context=3 --right-context=3 ark:- ark:- | transform-feats exp/tri2b/final.mat ark:- ark:- |' 'ark:|gzip -c >exp/tri2b_denlats/lat.1.gz' 
splice-feats --left-context=3 --right-context=3 ark:- ark:- 
apply-cmvn --utt2spk=ark:data/train/split2/1/utt2spk scp:data/train/split2/1/cmvn.scp scp:data/train/split2/1/feats.scp ark:- 
transform-feats exp/tri2b/final.mat ark:- ark:- 
akarsh_0_4_8 0 4 8 
LOG (gmm-latgen-faster[5.5.1074~1-71f3]:DecodeUtteranceLatticeFaster():decoder-wrappers.cc:375) Log-like per frame for utterance akarsh_0_4_8 is -4.25583 over 429 frames.
akarsh_1_1_7 1 7 
LOG (gmm-latgen-faster[5.5.1074~1-71f3]:DecodeUtteranceLatticeFaster():decoder-wrappers.cc:375) Log-like per frame for utterance akarsh_1_1_7 is -4.00019 over 408 frames.
akarsh_1_4_6 1 4 
LOG (gmm-latgen-faster[5.5.1074~1-71f3]:DecodeUtteranceLatticeFaster():decoder-wrappers.cc:375) Log-like per frame for utterance akarsh_1_4_6 is -4.11915 over 417 frames.
akarsh_2_2_7 2 2 7 
LOG (gmm-latgen-faster[5.5.1074~1-71f3]:DecodeUtteranceLatticeFaster():decoder-wrappers.cc:375) Log-like per frame for utterance akarsh_2_2_7 is -4.01834 over 419 frames.
akarsh_3_3_8 3 3 8 
LOG (gmm-latgen-faster[5.5.1074~1-71f3]:DecodeUtteranceLatticeFaster():decoder-wrappers.cc:375) Log-like per frame for utterance akarsh_3_3_8 is -4.0096 over 402 frames.
akarsh_4_7_0 4 7 0 
LOG (gmm-latgen-faster[5.5.1074~1-71f3]:DecodeUtteranceLatticeFaster():decoder-wrappers.cc:375) Log-like per frame for utterance akarsh_4_7_0 is -4.16096 over 389 frames.
akarsh_5_1_7 5 7 
LOG (gmm-latgen-faster[5.5.1074~1-71f3]:DecodeUtteranceLatticeFaster():decoder-wrappers.cc:375) Log-like per frame for utterance akarsh_5_1_7 is -4.15774 over 421 frames.
akarsh_5_6_4 5 6 4 
LOG (gmm-latgen-faster[5.5.1074~1-71f3]:DecodeUtteranceLatticeFaster():decoder-wrappers.cc:375) Log-like per frame for utterance akarsh_5_6_4 is -4.14058 over 401 frames.
akarsh_6_5_8 6 5 8 
LOG (gmm-latgen-faster[5.5.1074~1-71f3]:DecodeUtteranceLatticeFaster():decoder-wrappers.cc:375) Log-like per frame for utterance akarsh_6_5_8 is -4.15082 over 428 frames.
akarsh_7_0_1 7 0 
LOG (gmm-latgen-faster[5.5.1074~1-71f3]:DecodeUtteranceLatticeFaster():decoder-wrappers.cc:375) Log-like per frame for utterance akarsh_7_0_1 is -4.1984 over 435 frames.
anindita_0_2_8 0 2 8 
LOG (gmm-latgen-faster[5.5.1074~1-71f3]:DecodeUtteranceLatticeFaster():decoder-wrappers.cc:375) Log-like per frame for utterance anindita_0_2_8 is -5.16011 over 250 frames.
anindita_0_8_5 0 8 5 
LOG (gmm-latgen-faster[5.5.1074~1-71f3]:DecodeUtteranceLatticeFaster():decoder-wrappers.cc:375) Log-like per frame for utterance anindita_0_8_5 is -5.37862 over 265 frames.
anindita_4_5_1 4 5 1 
LOG (gmm-latgen-faster[5.5.1074~1-71f3]:DecodeUtteranceLatticeFaster():decoder-wrappers.cc:375) Log-like per frame for utterance anindita_4_5_1 is -4.93751 over 250 frames.
anindita_4_9_2 4 9 2 
LOG (gmm-latgen-faster[5.5.1074~1-71f3]:DecodeUtteranceLatticeFaster():decoder-wrappers.cc:375) Log-like per frame for utterance anindita_4_9_2 is -4.92234 over 245 frames.
anindita_5_1_7 5 1 7 
LOG (gmm-latgen-faster[5.5.1074~1-71f3]:DecodeUtteranceLatticeFaster():decoder-wrappers.cc:375) Log-like per frame for utterance anindita_5_1_7 is -5.00031 over 259 frames.
anindita_5_9_5 5 9 5 
LOG (gmm-latgen-faster[5.5.1074~1-71f3]:DecodeUtteranceLatticeFaster():decoder-wrappers.cc:375) Log-like per frame for utterance anindita_5_9_5 is -4.82805 over 244 frames.
anindita_6_7_8 6 7 8 
LOG (gmm-latgen-faster[5.5.1074~1-71f3]:DecodeUtteranceLatticeFaster():decoder-wrappers.cc:375) Log-like per frame for utterance anindita_6_7_8 is -5.45894 over 216 frames.
anindita_7_1_0 7 1 0 
LOG (gmm-latgen-faster[5.5.1074~1-71f3]:DecodeUtteranceLatticeFaster():decoder-wrappers.cc:375) Log-like per frame for utterance anindita_7_1_0 is -4.87013 over 277 frames.
anindita_9_6_9 9 6 9 
LOG (gmm-latgen-faster[5.5.1074~1-71f3]:DecodeUtteranceLatticeFaster():decoder-wrappers.cc:375) Log-like per frame for utterance anindita_9_6_9 is -4.87277 over 234 frames.
anindita_9_9_5 9 9 5 
LOG (gmm-latgen-faster[5.5.1074~1-71f3]:DecodeUtteranceLatticeFaster():decoder-wrappers.cc:375) Log-like per frame for utterance anindita_9_9_5 is -4.62375 over 238 frames.
anirudh_0_2_4 0 2 4 
LOG (gmm-latgen-faster[5.5.1074~1-71f3]:DecodeUtteranceLatticeFaster():decoder-wrappers.cc:375) Log-like per frame for utterance anirudh_0_2_4 is -5.49034 over 164 frames.
anirudh_0_6_7 0 6 7 
LOG (gmm-latgen-faster[5.5.1074~1-71f3]:DecodeUtteranceLatticeFaster():decoder-wrappers.cc:375) Log-like per frame for utterance anirudh_0_6_7 is -5.54119 over 141 frames.
anirudh_1_3_9 1 3 9 
LOG (gmm-latgen-faster[5.5.1074~1-71f3]:DecodeUtteranceLatticeFaster():decoder-wrappers.cc:375) Log-like per frame for utterance anirudh_1_3_9 is -5.15758 over 171 frames.
anirudh_2_1_7 2 1 7 
LOG (gmm-latgen-faster[5.5.1074~1-71f3]:DecodeUtteranceLatticeFaster():decoder-wrappers.cc:375) Log-like per frame for utterance anirudh_2_1_7 is -5.30953 over 152 frames.
anirudh_2_3_5 2 3 5 
LOG (gmm-latgen-faster[5.5.1074~1-71f3]:DecodeUtteranceLatticeFaster():decoder-wrappers.cc:375) Log-like per frame for utterance anirudh_2_3_5 is -6.00969 over 162 frames.
anirudh_2_9_2 2 9 2 
LOG (gmm-latgen-faster[5.5.1074~1-71f3]:DecodeUtteranceLatticeFaster():decoder-wrappers.cc:375) Log-like per frame for utterance anirudh_2_9_2 is -5.52543 over 116 frames.
anirudh_7_8_9 7 8 9 
LOG (gmm-latgen-faster[5.5.1074~1-71f3]:DecodeUtteranceLatticeFaster():decoder-wrappers.cc:375) Log-like per frame for utterance anirudh_7_8_9 is -4.86053 over 130 frames.
anirudh_8_4_8 8 4 8 
LOG (gmm-latgen-faster[5.5.1074~1-71f3]:DecodeUtteranceLatticeFaster():decoder-wrappers.cc:375) Log-like per frame for utterance anirudh_8_4_8 is -5.23268 over 116 frames.
anirudh_8_7_2 8 7 2 
LOG (gmm-latgen-faster[5.5.1074~1-71f3]:DecodeUtteranceLatticeFaster():decoder-wrappers.cc:375) Log-like per frame for utterance anirudh_8_7_2 is -5.29271 over 127 frames.
anirudh_9_8_2 9 8 2 
LOG (gmm-latgen-faster[5.5.1074~1-71f3]:DecodeUtteranceLatticeFaster():decoder-wrappers.cc:375) Log-like per frame for utterance anirudh_9_8_2 is -5.19687 over 133 frames.
harinie_1_0_7 1 0 7 
LOG (gmm-latgen-faster[5.5.1074~1-71f3]:DecodeUtteranceLatticeFaster():decoder-wrappers.cc:375) Log-like per frame for utterance harinie_1_0_7 is -5.25439 over 307 frames.
harinie_2_2_3 2 2 3 
LOG (gmm-latgen-faster[5.5.1074~1-71f3]:DecodeUtteranceLatticeFaster():decoder-wrappers.cc:375) Log-like per frame for utterance harinie_2_2_3 is -4.91977 over 248 frames.
harinie_4_4_8 4 4 8 
LOG (gmm-latgen-faster[5.5.1074~1-71f3]:DecodeUtteranceLatticeFaster():decoder-wrappers.cc:375) Log-like per frame for utterance harinie_4_4_8 is -5.38035 over 231 frames.
harinie_6_2_1 6 2 1 
LOG (gmm-latgen-faster[5.5.1074~1-71f3]:DecodeUtteranceLatticeFaster():decoder-wrappers.cc:375) Log-like per frame for utterance harinie_6_2_1 is -5.23546 over 242 frames.
harinie_6_5_1 6 5 1 
LOG (gmm-latgen-faster[5.5.1074~1-71f3]:DecodeUtteranceLatticeFaster():decoder-wrappers.cc:375) Log-like per frame for utterance harinie_6_5_1 is -5.12013 over 256 frames.
harinie_6_8_6 6 8 6 
LOG (gmm-latgen-faster[5.5.1074~1-71f3]:DecodeUtteranceLatticeFaster():decoder-wrappers.cc:375) Log-like per frame for utterance harinie_6_8_6 is -5.34793 over 270 frames.
harinie_7_4_3 7 4 3 
LOG (gmm-latgen-faster[5.5.1074~1-71f3]:DecodeUtteranceLatticeFaster():decoder-wrappers.cc:375) Log-like per frame for utterance harinie_7_4_3 is -5.18268 over 265 frames.
LOG (apply-cmvn[5.5.1074~1-71f3]:main():apply-cmvn.cc:162) Applied cepstral mean normalization to 50 utterances, errors on 0
harinie_7_8_1 7 8 1 
LOG (gmm-latgen-faster[5.5.1074~1-71f3]:DecodeUtteranceLatticeFaster():decoder-wrappers.cc:375) Log-like per frame for utterance harinie_7_8_1 is -5.30782 over 270 frames.
harinie_8_4_6 8 4 6 
LOG (gmm-latgen-faster[5.5.1074~1-71f3]:DecodeUtteranceLatticeFaster():decoder-wrappers.cc:375) Log-like per frame for utterance harinie_8_4_6 is -5.2425 over 262 frames.
harinie_9_2_1 9 2 1 
LOG (gmm-latgen-faster[5.5.1074~1-71f3]:DecodeUtteranceLatticeFaster():decoder-wrappers.cc:375) Log-like per frame for utterance harinie_9_2_1 is -4.81163 over 280 frames.
manogna_0_6_2 0 6 2 
LOG (gmm-latgen-faster[5.5.1074~1-71f3]:DecodeUtteranceLatticeFaster():decoder-wrappers.cc:375) Log-like per frame for utterance manogna_0_6_2 is -5.84992 over 154 frames.
manogna_2_2_9 2 2 9 
LOG (gmm-latgen-faster[5.5.1074~1-71f3]:DecodeUtteranceLatticeFaster():decoder-wrappers.cc:375) Log-like per frame for utterance manogna_2_2_9 is -5.61902 over 154 frames.
manogna_2_5_3 2 5 3 
LOG (gmm-latgen-faster[5.5.1074~1-71f3]:DecodeUtteranceLatticeFaster():decoder-wrappers.cc:375) Log-like per frame for utterance manogna_2_5_3 is -6.10301 over 127 frames.
manogna_3_1_0 3 1 0 
LOG (gmm-latgen-faster[5.5.1074~1-71f3]:DecodeUtteranceLatticeFaster():decoder-wrappers.cc:375) Log-like per frame for utterance manogna_3_1_0 is -5.87843 over 137 frames.
manogna_3_1_7 3 1 7 
LOG (gmm-latgen-faster[5.5.1074~1-71f3]:DecodeUtteranceLatticeFaster():decoder-wrappers.cc:375) Log-like per frame for utterance manogna_3_1_7 is -5.78568 over 156 frames.
manogna_3_8_3 3 8 3 
LOG (gmm-latgen-faster[5.5.1074~1-71f3]:DecodeUtteranceLatticeFaster():decoder-wrappers.cc:375) Log-like per frame for utterance manogna_3_8_3 is -6.04041 over 145 frames.
LOG (transform-feats[5.5.1074~1-71f3]:main():transform-feats.cc:158) Overall average [pseudo-]logdet is -66.8189 over 12110 frames.
LOG (transform-feats[5.5.1074~1-71f3]:main():transform-feats.cc:161) Applied transform to 50 utterances; 0 had errors.
manogna_4_1_3 4 1 3 
LOG (gmm-latgen-faster[5.5.1074~1-71f3]:DecodeUtteranceLatticeFaster():decoder-wrappers.cc:375) Log-like per frame for utterance manogna_4_1_3 is -5.87283 over 143 frames.
manogna_4_9_9 4 9 9 
LOG (gmm-latgen-faster[5.5.1074~1-71f3]:DecodeUtteranceLatticeFaster():decoder-wrappers.cc:375) Log-like per frame for utterance manogna_4_9_9 is -5.95236 over 126 frames.
manogna_5_1_9 5 1 9 
LOG (gmm-latgen-faster[5.5.1074~1-71f3]:DecodeUtteranceLatticeFaster():decoder-wrappers.cc:375) Log-like per frame for utterance manogna_5_1_9 is -5.9101 over 144 frames.
manogna_9_0_2 9 0 2 
LOG (gmm-latgen-faster[5.5.1074~1-71f3]:DecodeUtteranceLatticeFaster():decoder-wrappers.cc:375) Log-like per frame for utterance manogna_9_0_2 is -5.74817 over 154 frames.
LOG (gmm-latgen-faster[5.5.1074~1-71f3]:main():gmm-latgen-faster.cc:176) Time taken 1.85677s: real-time factor assuming 100 frames/sec is 0.0153326
LOG (gmm-latgen-faster[5.5.1074~1-71f3]:main():gmm-latgen-faster.cc:179) Done 50 utterances, failed for 0
LOG (gmm-latgen-faster[5.5.1074~1-71f3]:main():gmm-latgen-faster.cc:181) Overall log-likelihood per frame is -4.8856 over 12110 frames.
# Accounting: time=2 threads=1
# Ended (code 0) at Thu Jun  8 10:56:28 IST 2023, elapsed time 2 seconds
