# gunzip -c exp/tri3b/decode.si/depth_tmp.*.gz | steps/diagnostic/analyze_lattice_depth_stats.py exp/tri3b/graph exp/tri3b/decode.si/ali_frame_tmp.gz 
# Started at Thu Jun  8 11:01:14 IST 2023
#
The total amount of data analyzed assuming 100 frames per second is 0.0 hours
Overall, lattice depth (10,50,90-percentile)=(1,4,13) and mean=5.7
Nonsilence phones as a group account for 74.0% of frames, with lattice depth (10,50,90-percentile)=(1,4,13) and mean=5.6
Phone sil accounts for 26.0% of frames, with lattice depth (10,50,90-percentile)=(1,5,16) and mean=6.0
Phone AH_I accounts for 22.0% of frames, with lattice depth (10,50,90-percentile)=(2,4,12) and mean=5.3
Phone CH_B accounts for 9.5% of frames, with lattice depth (10,50,90-percentile)=(1,3,16) and mean=5.8
Phone K_E accounts for 5.5% of frames, with lattice depth (10,50,90-percentile)=(1,7,20) and mean=9.4
Phone OW_E accounts for 5.0% of frames, with lattice depth (10,50,90-percentile)=(1,2,2) and mean=1.9
Phone TH_B accounts for 3.9% of frames, with lattice depth (10,50,90-percentile)=(2,6,12) and mean=6.1
Phone IY_I accounts for 3.5% of frames, with lattice depth (10,50,90-percentile)=(3,5,16) and mean=7.7
Phone R_E accounts for 3.4% of frames, with lattice depth (10,50,90-percentile)=(2,4,8) and mean=4.0
Phone EY_E accounts for 2.7% of frames, with lattice depth (10,50,90-percentile)=(3,11,17) and mean=11.8
Phone TH_E accounts for 2.6% of frames, with lattice depth (10,50,90-percentile)=(2,3,8) and mean=3.9
Phone AW_E accounts for 2.2% of frames, with lattice depth (10,50,90-percentile)=(1,1,5) and mean=2.6
Phone SH_B accounts for 2.2% of frames, with lattice depth (10,50,90-percentile)=(1,2,8) and mean=3.1
Phone N_E accounts for 2.0% of frames, with lattice depth (10,50,90-percentile)=(3,6,14) and mean=7.2
Phone S_B accounts for 1.9% of frames, with lattice depth (10,50,90-percentile)=(1,6,8) and mean=4.9
Phone EY_B accounts for 1.9% of frames, with lattice depth (10,50,90-percentile)=(1,2,15) and mean=5.3
Phone T_E accounts for 1.1% of frames, with lattice depth (10,50,90-percentile)=(2,12,13) and mean=8.7
Phone Y_E accounts for 0.9% of frames, with lattice depth (10,50,90-percentile)=(1,3,3) and mean=2.6
Phone DH_B accounts for 0.8% of frames, with lattice depth (10,50,90-percentile)=(1,2,2) and mean=2.0
Phone AH_B accounts for 0.8% of frames, with lattice depth (10,50,90-percentile)=(2,3,15) and mean=8.1
Phone CH_E accounts for 0.8% of frames, with lattice depth (10,50,90-percentile)=(6,7,14) and mean=9.0
# Accounting: time=0 threads=1
# Ended (code 0) at Thu Jun  8 11:01:14 IST 2023, elapsed time 0 seconds
