# gmm-latgen-faster --max-active=2000 --beam=10.0 --lattice-beam=6.0 --acoustic-scale=0.083333 --allow-partial=true --word-symbol-table=exp/tri3b/graph/words.txt exp/tri3b/final.alimdl exp/tri3b/graph/HCLG.fst "ark,s,cs:apply-cmvn  --utt2spk=ark:data/test/split2/1/utt2spk scp:data/test/split2/1/cmvn.scp scp:data/test/split2/1/feats.scp ark:- | splice-feats --left-context=3 --right-context=3 ark:- ark:- | transform-feats exp/tri3b/final.mat ark:- ark:- |" "ark:|gzip -c > exp/tri3b/decode.si/lat.1.gz" 
# Started at Thu Jun  8 11:01:12 IST 2023
#
gmm-latgen-faster --max-active=2000 --beam=10.0 --lattice-beam=6.0 --acoustic-scale=0.083333 --allow-partial=true --word-symbol-table=exp/tri3b/graph/words.txt exp/tri3b/final.alimdl exp/tri3b/graph/HCLG.fst 'ark,s,cs:apply-cmvn  --utt2spk=ark:data/test/split2/1/utt2spk scp:data/test/split2/1/cmvn.scp scp:data/test/split2/1/feats.scp ark:- | splice-feats --left-context=3 --right-context=3 ark:- ark:- | transform-feats exp/tri3b/final.mat ark:- ark:- |' 'ark:|gzip -c > exp/tri3b/decode.si/lat.1.gz' 
splice-feats --left-context=3 --right-context=3 ark:- ark:- 
apply-cmvn --utt2spk=ark:data/test/split2/1/utt2spk scp:data/test/split2/1/cmvn.scp scp:data/test/split2/1/feats.scp ark:- 
transform-feats exp/tri3b/final.mat ark:- ark:- 
LOG (apply-cmvn[5.5.1074~1-71f3]:main():apply-cmvn.cc:162) Applied cepstral mean normalization to 10 utterances, errors on 0
pramod_2_3_0 2 0 
LOG (gmm-latgen-faster[5.5.1074~1-71f3]:DecodeUtteranceLatticeFaster():decoder-wrappers.cc:375) Log-like per frame for utterance pramod_2_3_0 is -6.29473 over 161 frames.
pramod_2_5_6 2 8 6 
LOG (gmm-latgen-faster[5.5.1074~1-71f3]:DecodeUtteranceLatticeFaster():decoder-wrappers.cc:375) Log-like per frame for utterance pramod_2_5_6 is -6.51925 over 161 frames.
pramod_3_9_2 1 2 
LOG (gmm-latgen-faster[5.5.1074~1-71f3]:DecodeUtteranceLatticeFaster():decoder-wrappers.cc:375) Log-like per frame for utterance pramod_3_9_2 is -7.55849 over 151 frames.
pramod_4_5_7 3 4 8 7 3 
LOG (gmm-latgen-faster[5.5.1074~1-71f3]:DecodeUtteranceLatticeFaster():decoder-wrappers.cc:375) Log-like per frame for utterance pramod_4_5_7 is -5.80479 over 186 frames.
pramod_4_8_3 4 
LOG (gmm-latgen-faster[5.5.1074~1-71f3]:DecodeUtteranceLatticeFaster():decoder-wrappers.cc:375) Log-like per frame for utterance pramod_4_8_3 is -6.1084 over 152 frames.
pramod_5_2_5 7 2 5 
LOG (gmm-latgen-faster[5.5.1074~1-71f3]:DecodeUtteranceLatticeFaster():decoder-wrappers.cc:375) Log-like per frame for utterance pramod_5_2_5 is -6.03269 over 170 frames.
pramod_6_1_1 3 6 1 1 
LOG (gmm-latgen-faster[5.5.1074~1-71f3]:DecodeUtteranceLatticeFaster():decoder-wrappers.cc:375) Log-like per frame for utterance pramod_6_1_1 is -6.76102 over 165 frames.
LOG (transform-feats[5.5.1074~1-71f3]:main():transform-feats.cc:158) Overall average [pseudo-]logdet is -66.8189 over 1629 frames.
LOG (transform-feats[5.5.1074~1-71f3]:main():transform-feats.cc:161) Applied transform to 10 utterances; 0 had errors.
pramod_6_7_1 6 7 1 3 
LOG (gmm-latgen-faster[5.5.1074~1-71f3]:DecodeUtteranceLatticeFaster():decoder-wrappers.cc:375) Log-like per frame for utterance pramod_6_7_1 is -6.19879 over 151 frames.
pramod_7_0_9 3 4 0 9 
LOG (gmm-latgen-faster[5.5.1074~1-71f3]:DecodeUtteranceLatticeFaster():decoder-wrappers.cc:375) Log-like per frame for utterance pramod_7_0_9 is -6.48309 over 162 frames.
pramod_7_4_6 7 4 6 3 
LOG (gmm-latgen-faster[5.5.1074~1-71f3]:DecodeUtteranceLatticeFaster():decoder-wrappers.cc:375) Log-like per frame for utterance pramod_7_4_6 is -6.05482 over 170 frames.
LOG (gmm-latgen-faster[5.5.1074~1-71f3]:main():gmm-latgen-faster.cc:176) Time taken 0.381395s: real-time factor assuming 100 frames/sec is 0.0234128
LOG (gmm-latgen-faster[5.5.1074~1-71f3]:main():gmm-latgen-faster.cc:179) Done 10 utterances, failed for 0
LOG (gmm-latgen-faster[5.5.1074~1-71f3]:main():gmm-latgen-faster.cc:181) Overall log-likelihood per frame is -6.36542 over 1629 frames.
# Accounting: time=1 threads=1
# Ended (code 0) at Thu Jun  8 11:01:13 IST 2023, elapsed time 1 seconds
