# lattice-best-path --lm-scale=14 --word-symbol-table=exp/tri2b/graph/words.txt "ark:gunzip -c exp/tri2b_mpe/decode_it3/lat.*.gz|" ark,t:exp/tri2b_mpe/decode_it3/scoring/14.tra 
# Started at Thu Jun  8 10:57:13 IST 2023
#
lattice-best-path --lm-scale=14 --word-symbol-table=exp/tri2b/graph/words.txt 'ark:gunzip -c exp/tri2b_mpe/decode_it3/lat.*.gz|' ark,t:exp/tri2b_mpe/decode_it3/scoring/14.tra 
LOG (lattice-best-path[5.5.1074~1-71f3]:main():lattice-best-path.cc:99) For utterance pramod_2_3_0, best cost 285.248 + 12522.2 = 12807.5 over 161 frames.
pramod_2_3_0 2 0 0 
LOG (lattice-best-path[5.5.1074~1-71f3]:main():lattice-best-path.cc:99) For utterance pramod_2_5_6, best cost 358.84 + 12979.9 = 13338.7 over 161 frames.
pramod_2_5_6 2 8 6 
LOG (lattice-best-path[5.5.1074~1-71f3]:main():lattice-best-path.cc:99) For utterance pramod_3_9_2, best cost 208.864 + 14157.5 = 14366.3 over 151 frames.
pramod_3_9_2 8 
LOG (lattice-best-path[5.5.1074~1-71f3]:main():lattice-best-path.cc:99) For utterance pramod_4_5_7, best cost 376.93 + 13073.1 = 13450 over 186 frames.
pramod_4_5_7 4 4 7 3 
LOG (lattice-best-path[5.5.1074~1-71f3]:main():lattice-best-path.cc:99) For utterance pramod_4_8_3, best cost 166.529 + 11283.8 = 11450.3 over 152 frames.
pramod_4_8_3 4 
LOG (lattice-best-path[5.5.1074~1-71f3]:main():lattice-best-path.cc:99) For utterance pramod_5_2_5, best cost 323.674 + 12520.3 = 12844 over 170 frames.
pramod_5_2_5 4 2 8 
LOG (lattice-best-path[5.5.1074~1-71f3]:main():lattice-best-path.cc:99) For utterance pramod_6_1_1, best cost 190.481 + 13821.6 = 14012.1 over 165 frames.
pramod_6_1_1 4 
LOG (lattice-best-path[5.5.1074~1-71f3]:main():lattice-best-path.cc:99) For utterance pramod_6_7_1, best cost 239.273 + 11515.5 = 11754.7 over 151 frames.
pramod_6_7_1 4 3 
LOG (lattice-best-path[5.5.1074~1-71f3]:main():lattice-best-path.cc:99) For utterance pramod_7_0_9, best cost 273.143 + 12292.8 = 12566 over 162 frames.
pramod_7_0_9 4 0 9 
LOG (lattice-best-path[5.5.1074~1-71f3]:main():lattice-best-path.cc:99) For utterance pramod_7_4_6, best cost 338.73 + 12388.9 = 12727.7 over 170 frames.
pramod_7_4_6 4 4 4 
LOG (lattice-best-path[5.5.1074~1-71f3]:main():lattice-best-path.cc:99) For utterance srihari_2_3_3, best cost 210.153 + 11532.6 = 11742.8 over 141 frames.
srihari_2_3_3 2 2 
LOG (lattice-best-path[5.5.1074~1-71f3]:main():lattice-best-path.cc:99) For utterance srihari_3_4_1, best cost 336.805 + 16467.9 = 16804.8 over 223 frames.
srihari_3_4_1 3 4 6 
LOG (lattice-best-path[5.5.1074~1-71f3]:main():lattice-best-path.cc:99) For utterance srihari_3_6_6, best cost 372.902 + 15722 = 16094.9 over 223 frames.
srihari_3_6_6 3 3 6 6 
LOG (lattice-best-path[5.5.1074~1-71f3]:main():lattice-best-path.cc:99) For utterance srihari_4_1_3, best cost 248.351 + 12606.4 = 12854.7 over 171 frames.
srihari_4_1_3 4 3 
LOG (lattice-best-path[5.5.1074~1-71f3]:main():lattice-best-path.cc:99) For utterance srihari_4_5_6, best cost 335.596 + 14244.5 = 14580.1 over 204 frames.
srihari_4_5_6 4 8 6 
LOG (lattice-best-path[5.5.1074~1-71f3]:main():lattice-best-path.cc:99) For utterance srihari_5_3_3, best cost 374.185 + 18665.8 = 19039.9 over 229 frames.
srihari_5_3_3 3 6 0 
LOG (lattice-best-path[5.5.1074~1-71f3]:main():lattice-best-path.cc:99) For utterance srihari_5_9_8, best cost 289.649 + 15825.1 = 16114.7 over 209 frames.
srihari_5_9_8 4 4 
LOG (lattice-best-path[5.5.1074~1-71f3]:main():lattice-best-path.cc:99) For utterance srihari_6_7_7, best cost 347.084 + 19853.8 = 20200.9 over 270 frames.
srihari_6_7_7 6 7 4 
LOG (lattice-best-path[5.5.1074~1-71f3]:main():lattice-best-path.cc:99) For utterance srihari_8_4_6, best cost 309.798 + 13580.9 = 13890.7 over 187 frames.
srihari_8_4_6 4 4 0 
LOG (lattice-best-path[5.5.1074~1-71f3]:main():lattice-best-path.cc:99) For utterance srihari_8_4_7, best cost 380.586 + 15769.5 = 16150.1 over 228 frames.
srihari_8_4_7 4 4 7 3 
LOG (lattice-best-path[5.5.1074~1-71f3]:main():lattice-best-path.cc:124) Overall cost per frame is 77.2189 = 1.60657 [graph] + 75.6123 [acoustic] over 3714 frames.
LOG (lattice-best-path[5.5.1074~1-71f3]:main():lattice-best-path.cc:128) Done 20 lattices, failed for 0
# Accounting: time=0 threads=1
# Ended (code 0) at Thu Jun  8 10:57:13 IST 2023, elapsed time 0 seconds
