# lattice-best-path --lm-scale=12 --word-symbol-table=exp/tri2b/graph/words.txt "ark:gunzip -c exp/tri2b_mpe/decode_it3/lat.*.gz|" ark,t:exp/tri2b_mpe/decode_it3/scoring/12.tra 
# Started at Thu Jun  8 10:57:13 IST 2023
#
lattice-best-path --lm-scale=12 --word-symbol-table=exp/tri2b/graph/words.txt 'ark:gunzip -c exp/tri2b_mpe/decode_it3/lat.*.gz|' ark,t:exp/tri2b_mpe/decode_it3/scoring/12.tra 
LOG (lattice-best-path[5.5.1074~1-71f3]:main():lattice-best-path.cc:99) For utterance pramod_2_3_0, best cost 244.498 + 12522.2 = 12766.7 over 161 frames.
pramod_2_3_0 2 0 0 
LOG (lattice-best-path[5.5.1074~1-71f3]:main():lattice-best-path.cc:99) For utterance pramod_2_5_6, best cost 307.577 + 12979.9 = 13287.5 over 161 frames.
pramod_2_5_6 2 8 6 
LOG (lattice-best-path[5.5.1074~1-71f3]:main():lattice-best-path.cc:99) For utterance pramod_3_9_2, best cost 179.026 + 14157.5 = 14336.5 over 151 frames.
pramod_3_9_2 8 
LOG (lattice-best-path[5.5.1074~1-71f3]:main():lattice-best-path.cc:99) For utterance pramod_4_5_7, best cost 323.083 + 13073.1 = 13396.2 over 186 frames.
pramod_4_5_7 4 4 7 3 
LOG (lattice-best-path[5.5.1074~1-71f3]:main():lattice-best-path.cc:99) For utterance pramod_4_8_3, best cost 142.739 + 11283.8 = 11426.6 over 152 frames.
pramod_4_8_3 4 
LOG (lattice-best-path[5.5.1074~1-71f3]:main():lattice-best-path.cc:99) For utterance pramod_5_2_5, best cost 277.434 + 12520.3 = 12797.8 over 170 frames.
pramod_5_2_5 4 2 8 
LOG (lattice-best-path[5.5.1074~1-71f3]:main():lattice-best-path.cc:99) For utterance pramod_6_1_1, best cost 163.269 + 13821.6 = 13984.9 over 165 frames.
pramod_6_1_1 4 
LOG (lattice-best-path[5.5.1074~1-71f3]:main():lattice-best-path.cc:99) For utterance pramod_6_7_1, best cost 205.091 + 11515.5 = 11720.6 over 151 frames.
pramod_6_7_1 4 3 
LOG (lattice-best-path[5.5.1074~1-71f3]:main():lattice-best-path.cc:99) For utterance pramod_7_0_9, best cost 234.123 + 12292.8 = 12527 over 162 frames.
pramod_7_0_9 4 0 9 
LOG (lattice-best-path[5.5.1074~1-71f3]:main():lattice-best-path.cc:99) For utterance pramod_7_4_6, best cost 290.34 + 12388.9 = 12679.3 over 170 frames.
pramod_7_4_6 4 4 4 
LOG (lattice-best-path[5.5.1074~1-71f3]:main():lattice-best-path.cc:99) For utterance srihari_2_3_3, best cost 180.131 + 11532.6 = 11712.8 over 141 frames.
srihari_2_3_3 2 2 
LOG (lattice-best-path[5.5.1074~1-71f3]:main():lattice-best-path.cc:99) For utterance srihari_3_4_1, best cost 288.69 + 16467.9 = 16756.6 over 223 frames.
srihari_3_4_1 3 4 6 
LOG (lattice-best-path[5.5.1074~1-71f3]:main():lattice-best-path.cc:99) For utterance srihari_3_6_6, best cost 319.63 + 15722 = 16041.6 over 223 frames.
srihari_3_6_6 3 3 6 6 
LOG (lattice-best-path[5.5.1074~1-71f3]:main():lattice-best-path.cc:99) For utterance srihari_4_1_3, best cost 272.736 + 12544 = 12816.8 over 171 frames.
srihari_4_1_3 4 6 3 
LOG (lattice-best-path[5.5.1074~1-71f3]:main():lattice-best-path.cc:99) For utterance srihari_4_5_6, best cost 299.153 + 14232.5 = 14531.6 over 204 frames.
srihari_4_5_6 4 7 6 
LOG (lattice-best-path[5.5.1074~1-71f3]:main():lattice-best-path.cc:99) For utterance srihari_5_3_3, best cost 389.993 + 18593.5 = 18983.4 over 229 frames.
srihari_5_3_3 3 6 0 0 
LOG (lattice-best-path[5.5.1074~1-71f3]:main():lattice-best-path.cc:99) For utterance srihari_5_9_8, best cost 285.421 + 15785.1 = 16070.6 over 209 frames.
srihari_5_9_8 4 4 3 
LOG (lattice-best-path[5.5.1074~1-71f3]:main():lattice-best-path.cc:99) For utterance srihari_6_7_7, best cost 349.497 + 19797.5 = 20147 over 270 frames.
srihari_6_7_7 6 7 3 4 
LOG (lattice-best-path[5.5.1074~1-71f3]:main():lattice-best-path.cc:99) For utterance srihari_8_4_6, best cost 265.541 + 13580.9 = 13846.5 over 187 frames.
srihari_8_4_6 4 4 0 
LOG (lattice-best-path[5.5.1074~1-71f3]:main():lattice-best-path.cc:99) For utterance srihari_8_4_7, best cost 326.216 + 15769.5 = 16095.7 over 228 frames.
srihari_8_4_7 4 4 7 3 
LOG (lattice-best-path[5.5.1074~1-71f3]:main():lattice-best-path.cc:124) Overall cost per frame is 76.9858 = 1.43893 [graph] + 75.5469 [acoustic] over 3714 frames.
LOG (lattice-best-path[5.5.1074~1-71f3]:main():lattice-best-path.cc:128) Done 20 lattices, failed for 0
# Accounting: time=0 threads=1
# Ended (code 0) at Thu Jun  8 10:57:13 IST 2023, elapsed time 0 seconds
