# lattice-best-path --lm-scale=12 --word-symbol-table=exp/tri2b/graph/words.txt "ark:gunzip -c exp/tri2b_mmi/decode_it3/lat.*.gz|" ark,t:exp/tri2b_mmi/decode_it3/scoring/12.tra 
# Started at Thu Jun  8 10:56:44 IST 2023
#
lattice-best-path --lm-scale=12 --word-symbol-table=exp/tri2b/graph/words.txt 'ark:gunzip -c exp/tri2b_mmi/decode_it3/lat.*.gz|' ark,t:exp/tri2b_mmi/decode_it3/scoring/12.tra 
LOG (lattice-best-path[5.5.1074~1-71f3]:main():lattice-best-path.cc:99) For utterance pramod_2_3_0, best cost 257.499 + 12550.5 = 12808 over 161 frames.
pramod_2_3_0 2 0 0 
LOG (lattice-best-path[5.5.1074~1-71f3]:main():lattice-best-path.cc:99) For utterance pramod_2_5_6, best cost 326.08 + 12982.3 = 13308.4 over 161 frames.
pramod_2_5_6 2 4 6 
LOG (lattice-best-path[5.5.1074~1-71f3]:main():lattice-best-path.cc:99) For utterance pramod_3_9_2, best cost 179.026 + 14093.1 = 14272.1 over 151 frames.
pramod_3_9_2 8 
LOG (lattice-best-path[5.5.1074~1-71f3]:main():lattice-best-path.cc:99) For utterance pramod_4_5_7, best cost 323.785 + 13012.3 = 13336.1 over 186 frames.
pramod_4_5_7 4 4 7 3 
LOG (lattice-best-path[5.5.1074~1-71f3]:main():lattice-best-path.cc:99) For utterance pramod_4_8_3, best cost 143.135 + 11314.1 = 11457.2 over 152 frames.
pramod_4_8_3 4 
LOG (lattice-best-path[5.5.1074~1-71f3]:main():lattice-best-path.cc:99) For utterance pramod_5_2_5, best cost 277.748 + 12529.4 = 12807.2 over 170 frames.
pramod_5_2_5 4 2 4 
LOG (lattice-best-path[5.5.1074~1-71f3]:main():lattice-best-path.cc:99) For utterance pramod_6_1_1, best cost 162.279 + 13730.4 = 13892.7 over 165 frames.
pramod_6_1_1 4 
LOG (lattice-best-path[5.5.1074~1-71f3]:main():lattice-best-path.cc:99) For utterance pramod_6_7_1, best cost 207.545 + 11409.4 = 11616.9 over 151 frames.
pramod_6_7_1 4 3 
LOG (lattice-best-path[5.5.1074~1-71f3]:main():lattice-best-path.cc:99) For utterance pramod_7_0_9, best cost 232.603 + 12269.7 = 12502.3 over 162 frames.
pramod_7_0_9 4 0 9 
LOG (lattice-best-path[5.5.1074~1-71f3]:main():lattice-best-path.cc:99) For utterance pramod_7_4_6, best cost 315.032 + 12310.3 = 12625.3 over 170 frames.
pramod_7_4_6 4 4 4 
LOG (lattice-best-path[5.5.1074~1-71f3]:main():lattice-best-path.cc:99) For utterance srihari_2_3_3, best cost 182.981 + 11628.4 = 11811.4 over 141 frames.
srihari_2_3_3 2 2 
LOG (lattice-best-path[5.5.1074~1-71f3]:main():lattice-best-path.cc:99) For utterance srihari_3_4_1, best cost 349.099 + 16432.8 = 16781.9 over 223 frames.
srihari_3_4_1 3 3 4 6 
LOG (lattice-best-path[5.5.1074~1-71f3]:main():lattice-best-path.cc:99) For utterance srihari_3_6_6, best cost 301.039 + 15709.6 = 16010.7 over 223 frames.
srihari_3_6_6 3 3 6 6 
LOG (lattice-best-path[5.5.1074~1-71f3]:main():lattice-best-path.cc:99) For utterance srihari_4_1_3, best cost 260.214 + 12491.6 = 12751.8 over 171 frames.
srihari_4_1_3 4 1 3 
LOG (lattice-best-path[5.5.1074~1-71f3]:main():lattice-best-path.cc:99) For utterance srihari_4_5_6, best cost 297.125 + 14123.4 = 14420.5 over 204 frames.
srihari_4_5_6 3 4 7 6 
LOG (lattice-best-path[5.5.1074~1-71f3]:main():lattice-best-path.cc:99) For utterance srihari_5_3_3, best cost 402.904 + 18595.7 = 18998.6 over 229 frames.
srihari_5_3_3 3 6 0 3 
LOG (lattice-best-path[5.5.1074~1-71f3]:main():lattice-best-path.cc:99) For utterance srihari_5_9_8, best cost 333.317 + 15711.7 = 16045 over 209 frames.
srihari_5_9_8 4 0 4 
LOG (lattice-best-path[5.5.1074~1-71f3]:main():lattice-best-path.cc:99) For utterance srihari_6_7_7, best cost 351.705 + 19702.1 = 20053.8 over 270 frames.
srihari_6_7_7 1 6 7 4 
LOG (lattice-best-path[5.5.1074~1-71f3]:main():lattice-best-path.cc:99) For utterance srihari_8_4_6, best cost 325.641 + 13419 = 13744.6 over 187 frames.
srihari_8_4_6 4 4 6 3 
LOG (lattice-best-path[5.5.1074~1-71f3]:main():lattice-best-path.cc:99) For utterance srihari_8_4_7, best cost 331.406 + 15663.2 = 15994.6 over 228 frames.
srihari_8_4_7 4 4 7 3 
LOG (lattice-best-path[5.5.1074~1-71f3]:main():lattice-best-path.cc:124) Overall cost per frame is 76.801 = 1.49708 [graph] + 75.304 [acoustic] over 3714 frames.
LOG (lattice-best-path[5.5.1074~1-71f3]:main():lattice-best-path.cc:128) Done 20 lattices, failed for 0
# Accounting: time=1 threads=1
# Ended (code 0) at Thu Jun  8 10:56:45 IST 2023, elapsed time 1 seconds
