# lattice-best-path --lm-scale=17 --word-symbol-table=exp/tri2b/graph/words.txt "ark:gunzip -c exp/tri2b_mmi/decode_it3/lat.*.gz|" ark,t:exp/tri2b_mmi/decode_it3/scoring/17.tra 
# Started at Thu Jun  8 10:56:45 IST 2023
#
lattice-best-path --lm-scale=17 --word-symbol-table=exp/tri2b/graph/words.txt 'ark:gunzip -c exp/tri2b_mmi/decode_it3/lat.*.gz|' ark,t:exp/tri2b_mmi/decode_it3/scoring/17.tra 
LOG (lattice-best-path[5.5.1074~1-71f3]:main():lattice-best-path.cc:99) For utterance pramod_2_3_0, best cost 281.438 + 12626.3 = 12907.8 over 161 frames.
pramod_2_3_0 2 0 
LOG (lattice-best-path[5.5.1074~1-71f3]:main():lattice-best-path.cc:99) For utterance pramod_2_5_6, best cost 435.577 + 13006.1 = 13441.7 over 161 frames.
pramod_2_5_6 2 8 6 
LOG (lattice-best-path[5.5.1074~1-71f3]:main():lattice-best-path.cc:99) For utterance pramod_3_9_2, best cost 253.62 + 14093.1 = 14346.7 over 151 frames.
pramod_3_9_2 8 
LOG (lattice-best-path[5.5.1074~1-71f3]:main():lattice-best-path.cc:99) For utterance pramod_4_5_7, best cost 458.696 + 13012.3 = 13471 over 186 frames.
pramod_4_5_7 4 4 7 3 
LOG (lattice-best-path[5.5.1074~1-71f3]:main():lattice-best-path.cc:99) For utterance pramod_4_8_3, best cost 202.774 + 11314.1 = 11516.9 over 152 frames.
pramod_4_8_3 4 
LOG (lattice-best-path[5.5.1074~1-71f3]:main():lattice-best-path.cc:99) For utterance pramod_5_2_5, best cost 393.476 + 12529.4 = 12922.9 over 170 frames.
pramod_5_2_5 4 2 4 
LOG (lattice-best-path[5.5.1074~1-71f3]:main():lattice-best-path.cc:99) For utterance pramod_6_1_1, best cost 229.895 + 13730.4 = 13960.3 over 165 frames.
pramod_6_1_1 4 
LOG (lattice-best-path[5.5.1074~1-71f3]:main():lattice-best-path.cc:99) For utterance pramod_6_7_1, best cost 294.022 + 11409.4 = 11703.4 over 151 frames.
pramod_6_7_1 4 3 
LOG (lattice-best-path[5.5.1074~1-71f3]:main():lattice-best-path.cc:99) For utterance pramod_7_0_9, best cost 329.521 + 12269.7 = 12599.2 over 162 frames.
pramod_7_0_9 4 0 9 
LOG (lattice-best-path[5.5.1074~1-71f3]:main():lattice-best-path.cc:99) For utterance pramod_7_4_6, best cost 350.27 + 12395 = 12745.2 over 170 frames.
pramod_7_4_6 4 4 
LOG (lattice-best-path[5.5.1074~1-71f3]:main():lattice-best-path.cc:99) For utterance srihari_2_3_3, best cost 176.34 + 11700.4 = 11876.7 over 141 frames.
srihari_2_3_3 2 
LOG (lattice-best-path[5.5.1074~1-71f3]:main():lattice-best-path.cc:99) For utterance srihari_3_4_1, best cost 354.857 + 16549.3 = 16904.1 over 223 frames.
srihari_3_4_1 4 6 
LOG (lattice-best-path[5.5.1074~1-71f3]:main():lattice-best-path.cc:99) For utterance srihari_3_6_6, best cost 426.471 + 15709.6 = 16136.1 over 223 frames.
srihari_3_6_6 3 3 6 6 
LOG (lattice-best-path[5.5.1074~1-71f3]:main():lattice-best-path.cc:99) For utterance srihari_4_1_3, best cost 280.63 + 12559.8 = 12840.5 over 171 frames.
srihari_4_1_3 4 3 
LOG (lattice-best-path[5.5.1074~1-71f3]:main():lattice-best-path.cc:99) For utterance srihari_4_5_6, best cost 420.927 + 14123.4 = 14544.3 over 204 frames.
srihari_4_5_6 3 4 7 6 
LOG (lattice-best-path[5.5.1074~1-71f3]:main():lattice-best-path.cc:99) For utterance srihari_5_3_3, best cost 456.305 + 18688.6 = 19144.9 over 229 frames.
srihari_5_3_3 3 6 0 
LOG (lattice-best-path[5.5.1074~1-71f3]:main():lattice-best-path.cc:99) For utterance srihari_5_9_8, best cost 386.954 + 15779.1 = 16166.1 over 209 frames.
srihari_5_9_8 7 4 
LOG (lattice-best-path[5.5.1074~1-71f3]:main():lattice-best-path.cc:99) For utterance srihari_6_7_7, best cost 420.904 + 19778.3 = 20199.2 over 270 frames.
srihari_6_7_7 6 7 4 
LOG (lattice-best-path[5.5.1074~1-71f3]:main():lattice-best-path.cc:99) For utterance srihari_8_4_6, best cost 461.325 + 13419 = 13880.3 over 187 frames.
srihari_8_4_6 4 4 6 3 
LOG (lattice-best-path[5.5.1074~1-71f3]:main():lattice-best-path.cc:99) For utterance srihari_8_4_7, best cost 469.492 + 15663.2 = 16132.6 over 228 frames.
srihari_8_4_7 4 4 7 3 
LOG (lattice-best-path[5.5.1074~1-71f3]:main():lattice-best-path.cc:124) Overall cost per frame is 77.3936 = 1.90724 [graph] + 75.4864 [acoustic] over 3714 frames.
LOG (lattice-best-path[5.5.1074~1-71f3]:main():lattice-best-path.cc:128) Done 20 lattices, failed for 0
# Accounting: time=0 threads=1
# Ended (code 0) at Thu Jun  8 10:56:45 IST 2023, elapsed time 0 seconds
