# lattice-best-path --lm-scale=17 --word-symbol-table=exp/tri2a/graph/words.txt "ark:gunzip -c exp/tri2a/decode/lat.*.gz|" ark,t:exp/tri2a/decode/scoring/17.tra 
# Started at Thu Jun  8 10:55:46 IST 2023
#
lattice-best-path --lm-scale=17 --word-symbol-table=exp/tri2a/graph/words.txt 'ark:gunzip -c exp/tri2a/decode/lat.*.gz|' ark,t:exp/tri2a/decode/scoring/17.tra 
LOG (lattice-best-path[5.5.1074~1-71f3]:main():lattice-best-path.cc:99) For utterance pramod_2_3_0, best cost 283.697 + 16478.1 = 16761.8 over 161 frames.
pramod_2_3_0 2 0 
LOG (lattice-best-path[5.5.1074~1-71f3]:main():lattice-best-path.cc:99) For utterance pramod_2_5_6, best cost 356.641 + 16781.7 = 17138.4 over 161 frames.
pramod_2_5_6 2 8 6 
LOG (lattice-best-path[5.5.1074~1-71f3]:main():lattice-best-path.cc:99) For utterance pramod_3_9_2, best cost 353.009 + 17998.6 = 18351.6 over 151 frames.
pramod_3_9_2 1 2 2 
LOG (lattice-best-path[5.5.1074~1-71f3]:main():lattice-best-path.cc:99) For utterance pramod_4_5_7, best cost 442.818 + 17753.3 = 18196.1 over 186 frames.
pramod_4_5_7 4 5 7 3 
LOG (lattice-best-path[5.5.1074~1-71f3]:main():lattice-best-path.cc:99) For utterance pramod_4_8_3, best cost 201.608 + 15335.8 = 15537.4 over 152 frames.
pramod_4_8_3 4 
LOG (lattice-best-path[5.5.1074~1-71f3]:main():lattice-best-path.cc:99) For utterance pramod_5_2_5, best cost 375.759 + 16573.4 = 16949.1 over 170 frames.
pramod_5_2_5 5 2 8 
LOG (lattice-best-path[5.5.1074~1-71f3]:main():lattice-best-path.cc:99) For utterance pramod_6_1_1, best cost 424.733 + 17379.5 = 17804.2 over 165 frames.
pramod_6_1_1 1 4 1 
LOG (lattice-best-path[5.5.1074~1-71f3]:main():lattice-best-path.cc:99) For utterance pramod_6_7_1, best cost 387.197 + 14726 = 15113.2 over 151 frames.
pramod_6_7_1 6 7 1 3 
LOG (lattice-best-path[5.5.1074~1-71f3]:main():lattice-best-path.cc:99) For utterance pramod_7_0_9, best cost 342.501 + 17115.6 = 17458.1 over 162 frames.
pramod_7_0_9 4 0 9 
LOG (lattice-best-path[5.5.1074~1-71f3]:main():lattice-best-path.cc:99) For utterance pramod_7_4_6, best cost 344.035 + 16793.4 = 17137.4 over 170 frames.
pramod_7_4_6 7 4 6 
LOG (lattice-best-path[5.5.1074~1-71f3]:main():lattice-best-path.cc:99) For utterance srihari_2_3_3, best cost 258.839 + 14956.1 = 15215 over 141 frames.
srihari_2_3_3 2 6 
LOG (lattice-best-path[5.5.1074~1-71f3]:main():lattice-best-path.cc:99) For utterance srihari_3_4_1, best cost 359.309 + 21964.9 = 22324.3 over 223 frames.
srihari_3_4_1 3 4 1 
LOG (lattice-best-path[5.5.1074~1-71f3]:main():lattice-best-path.cc:99) For utterance srihari_3_6_6, best cost 291.46 + 21188.4 = 21479.9 over 223 frames.
srihari_3_6_6 3 6 
LOG (lattice-best-path[5.5.1074~1-71f3]:main():lattice-best-path.cc:99) For utterance srihari_4_1_3, best cost 385.816 + 17144.1 = 17529.9 over 171 frames.
srihari_4_1_3 4 6 1 
LOG (lattice-best-path[5.5.1074~1-71f3]:main():lattice-best-path.cc:99) For utterance srihari_4_5_6, best cost 439.996 + 19653.7 = 20093.7 over 204 frames.
srihari_4_5_6 3 4 8 6 
LOG (lattice-best-path[5.5.1074~1-71f3]:main():lattice-best-path.cc:99) For utterance srihari_5_3_3, best cost 493.273 + 24747.5 = 25240.8 over 229 frames.
srihari_5_3_3 1 6 1 3 
LOG (lattice-best-path[5.5.1074~1-71f3]:main():lattice-best-path.cc:99) For utterance srihari_5_9_8, best cost 352.743 + 21020.5 = 21373.3 over 209 frames.
srihari_5_9_8 7 0 8 
LOG (lattice-best-path[5.5.1074~1-71f3]:main():lattice-best-path.cc:99) For utterance srihari_6_7_7, best cost 531.785 + 26925.1 = 27456.9 over 270 frames.
srihari_6_7_7 6 7 8 6 7 
LOG (lattice-best-path[5.5.1074~1-71f3]:main():lattice-best-path.cc:99) For utterance srihari_8_4_6, best cost 387.245 + 18306.7 = 18693.9 over 187 frames.
srihari_8_4_6 5 4 6 
LOG (lattice-best-path[5.5.1074~1-71f3]:main():lattice-best-path.cc:99) For utterance srihari_8_4_7, best cost 379.385 + 21984 = 22363.4 over 228 frames.
srihari_8_4_7 7 4 7 
LOG (lattice-best-path[5.5.1074~1-71f3]:main():lattice-best-path.cc:124) Overall cost per frame is 102.913 = 1.99027 [graph] + 100.923 [acoustic] over 3714 frames.
LOG (lattice-best-path[5.5.1074~1-71f3]:main():lattice-best-path.cc:128) Done 20 lattices, failed for 0
# Accounting: time=1 threads=1
# Ended (code 0) at Thu Jun  8 10:55:47 IST 2023, elapsed time 1 seconds
