# lattice-best-path --lm-scale=16 --word-symbol-table=exp/tri2a/graph/words.txt "ark:gunzip -c exp/tri2a/decode/lat.*.gz|" ark,t:exp/tri2a/decode/scoring/16.tra 
# Started at Thu Jun  8 10:55:46 IST 2023
#
lattice-best-path --lm-scale=16 --word-symbol-table=exp/tri2a/graph/words.txt 'ark:gunzip -c exp/tri2a/decode/lat.*.gz|' ark,t:exp/tri2a/decode/scoring/16.tra 
LOG (lattice-best-path[5.5.1074~1-71f3]:main():lattice-best-path.cc:99) For utterance pramod_2_3_0, best cost 267.009 + 16478.1 = 16745.1 over 161 frames.
pramod_2_3_0 2 0 
LOG (lattice-best-path[5.5.1074~1-71f3]:main():lattice-best-path.cc:99) For utterance pramod_2_5_6, best cost 335.662 + 16781.7 = 17117.4 over 161 frames.
pramod_2_5_6 2 8 6 
LOG (lattice-best-path[5.5.1074~1-71f3]:main():lattice-best-path.cc:99) For utterance pramod_3_9_2, best cost 332.243 + 17998.6 = 18330.9 over 151 frames.
pramod_3_9_2 1 2 2 
LOG (lattice-best-path[5.5.1074~1-71f3]:main():lattice-best-path.cc:99) For utterance pramod_4_5_7, best cost 416.77 + 17753.3 = 18170.1 over 186 frames.
pramod_4_5_7 4 5 7 3 
LOG (lattice-best-path[5.5.1074~1-71f3]:main():lattice-best-path.cc:99) For utterance pramod_4_8_3, best cost 189.749 + 15335.8 = 15525.5 over 152 frames.
pramod_4_8_3 4 
LOG (lattice-best-path[5.5.1074~1-71f3]:main():lattice-best-path.cc:99) For utterance pramod_5_2_5, best cost 353.655 + 16573.4 = 16927 over 170 frames.
pramod_5_2_5 5 2 8 
LOG (lattice-best-path[5.5.1074~1-71f3]:main():lattice-best-path.cc:99) For utterance pramod_6_1_1, best cost 399.749 + 17379.5 = 17779.2 over 165 frames.
pramod_6_1_1 1 4 1 
LOG (lattice-best-path[5.5.1074~1-71f3]:main():lattice-best-path.cc:99) For utterance pramod_6_7_1, best cost 364.42 + 14726 = 15090.4 over 151 frames.
pramod_6_7_1 6 7 1 3 
LOG (lattice-best-path[5.5.1074~1-71f3]:main():lattice-best-path.cc:99) For utterance pramod_7_0_9, best cost 322.354 + 17115.6 = 17438 over 162 frames.
pramod_7_0_9 4 0 9 
LOG (lattice-best-path[5.5.1074~1-71f3]:main():lattice-best-path.cc:99) For utterance pramod_7_4_6, best cost 410.869 + 16703.7 = 17114.6 over 170 frames.
pramod_7_4_6 7 4 4 
LOG (lattice-best-path[5.5.1074~1-71f3]:main():lattice-best-path.cc:99) For utterance srihari_2_3_3, best cost 243.613 + 14956.1 = 15199.7 over 141 frames.
srihari_2_3_3 2 6 
LOG (lattice-best-path[5.5.1074~1-71f3]:main():lattice-best-path.cc:99) For utterance srihari_3_4_1, best cost 338.173 + 21964.9 = 22303.1 over 223 frames.
srihari_3_4_1 3 4 1 
LOG (lattice-best-path[5.5.1074~1-71f3]:main():lattice-best-path.cc:99) For utterance srihari_3_6_6, best cost 336.155 + 21125.5 = 21461.7 over 223 frames.
srihari_3_6_6 3 6 6 
LOG (lattice-best-path[5.5.1074~1-71f3]:main():lattice-best-path.cc:99) For utterance srihari_4_1_3, best cost 363.121 + 17144.1 = 17507.3 over 171 frames.
srihari_4_1_3 4 6 1 
LOG (lattice-best-path[5.5.1074~1-71f3]:main():lattice-best-path.cc:99) For utterance srihari_4_5_6, best cost 414.114 + 19653.7 = 20067.8 over 204 frames.
srihari_4_5_6 3 4 8 6 
LOG (lattice-best-path[5.5.1074~1-71f3]:main():lattice-best-path.cc:99) For utterance srihari_5_3_3, best cost 464.257 + 24747.5 = 25211.8 over 229 frames.
srihari_5_3_3 1 6 1 3 
LOG (lattice-best-path[5.5.1074~1-71f3]:main():lattice-best-path.cc:99) For utterance srihari_5_9_8, best cost 413.774 + 20937.3 = 21351.1 over 209 frames.
srihari_5_9_8 3 5 0 8 
LOG (lattice-best-path[5.5.1074~1-71f3]:main():lattice-best-path.cc:99) For utterance srihari_6_7_7, best cost 500.504 + 26925.1 = 27425.6 over 270 frames.
srihari_6_7_7 6 7 8 6 7 
LOG (lattice-best-path[5.5.1074~1-71f3]:main():lattice-best-path.cc:99) For utterance srihari_8_4_6, best cost 364.466 + 18306.7 = 18671.1 over 187 frames.
srihari_8_4_6 5 4 6 
LOG (lattice-best-path[5.5.1074~1-71f3]:main():lattice-best-path.cc:99) For utterance srihari_8_4_7, best cost 357.069 + 21984 = 22341.1 over 228 frames.
srihari_8_4_7 7 4 7 
LOG (lattice-best-path[5.5.1074~1-71f3]:main():lattice-best-path.cc:124) Overall cost per frame is 102.794 = 1.93531 [graph] + 100.859 [acoustic] over 3714 frames.
LOG (lattice-best-path[5.5.1074~1-71f3]:main():lattice-best-path.cc:128) Done 20 lattices, failed for 0
# Accounting: time=1 threads=1
# Ended (code 0) at Thu Jun  8 10:55:47 IST 2023, elapsed time 1 seconds
