# gunzip -c exp/tri2b_mpe/decode_it3/depth_tmp.*.gz | steps/diagnostic/analyze_lattice_depth_stats.py exp/tri2b/graph exp/tri2b_mpe/decode_it3/ali_frame_tmp.gz 
# Started at Thu Jun  8 10:57:13 IST 2023
#
The total amount of data analyzed assuming 100 frames per second is 0.0 hours
Overall, lattice depth (10,50,90-percentile)=(2,4,8) and mean=4.9
Nonsilence phones as a group account for 72.9% of frames, with lattice depth (10,50,90-percentile)=(2,4,8) and mean=4.8
Phone AH_I accounts for 27.4% of frames, with lattice depth (10,50,90-percentile)=(2,4,8) and mean=4.4
Phone sil accounts for 27.1% of frames, with lattice depth (10,50,90-percentile)=(2,4,8) and mean=5.1
Phone CH_B accounts for 10.1% of frames, with lattice depth (10,50,90-percentile)=(2,4,8) and mean=4.7
Phone R_E accounts for 7.2% of frames, with lattice depth (10,50,90-percentile)=(2,5,8) and mean=4.7
Phone IY_I accounts for 4.0% of frames, with lattice depth (10,50,90-percentile)=(3,4,15) and mean=6.9
Phone EY_E accounts for 3.7% of frames, with lattice depth (10,50,90-percentile)=(3,6,11) and mean=7.2
Phone Y_E accounts for 3.2% of frames, with lattice depth (10,50,90-percentile)=(3,5,6) and mean=4.7
Phone SH_B accounts for 2.9% of frames, with lattice depth (10,50,90-percentile)=(1,3,7) and mean=3.5
Phone AH_B accounts for 2.7% of frames, with lattice depth (10,50,90-percentile)=(4,6,6) and mean=5.4
Phone OW_E accounts for 2.3% of frames, with lattice depth (10,50,90-percentile)=(1,2,8) and mean=3.6
Phone TH_B accounts for 2.1% of frames, with lattice depth (10,50,90-percentile)=(1,3,15) and mean=5.1
Phone AW_E accounts for 1.2% of frames, with lattice depth (10,50,90-percentile)=(1,1,1) and mean=1.0
Phone S_B accounts for 1.1% of frames, with lattice depth (10,50,90-percentile)=(2,5,8) and mean=5.4
Phone TH_E accounts for 1.1% of frames, with lattice depth (10,50,90-percentile)=(3,8,11) and mean=7.3
Phone UW_I accounts for 1.0% of frames, with lattice depth (10,50,90-percentile)=(1,3,6) and mean=3.8
Phone N_E accounts for 0.8% of frames, with lattice depth (10,50,90-percentile)=(2,4,15) and mean=6.2
Phone DH_B accounts for 0.8% of frames, with lattice depth (10,50,90-percentile)=(1,2,2) and mean=2.3
Phone N_I accounts for 0.6% of frames, with lattice depth (10,50,90-percentile)=(1,4,6) and mean=4.2
Phone T_E accounts for 0.5% of frames, with lattice depth (10,50,90-percentile)=(5,11,11) and mean=9.1
# Accounting: time=0 threads=1
# Ended (code 0) at Thu Jun  8 10:57:13 IST 2023, elapsed time 0 seconds
